INFO - 2023-12-05 12:14:29 --> Session: Class initialized using 'CodeIgniter\Session\Handlers\FileHandler' driver.
INFO - 2023-12-05 12:14:30 --> Session: Class initialized using 'CodeIgniter\Session\Handlers\FileHandler' driver.
INFO - 2023-12-05 12:14:34 --> Session: Class initialized using 'CodeIgniter\Session\Handlers\FileHandler' driver.
INFO - 2023-12-05 12:14:35 --> Session: Class initialized using 'CodeIgniter\Session\Handlers\FileHandler' driver.
WARNING - 2023-12-05 12:14:35 --> [DEPRECATED] Required parameter $id_onglet follows optional parameter $id_user in APPPATH/Modules/Management/Dashboard/Controllers/Dashboard.php on line 406.
 1 SYSTEMPATH/Autoloader/Autoloader.php(312): include_once()
 2 SYSTEMPATH/Autoloader/Autoloader.php(289): CodeIgniter\Autoloader\Autoloader->includeFile('/Users/absuur/Sites/Art27/art27_crm/app/Modules/Management/Dashboard/Controllers/Dashboard.php')
 3 SYSTEMPATH/Autoloader/Autoloader.php(267): CodeIgniter\Autoloader\Autoloader->loadInNamespace('Dashboard\\Controllers\\Dashboard')
 4 [internal function]: CodeIgniter\Autoloader\Autoloader->loadClass('Dashboard\\Controllers\\Dashboard')
 5 SYSTEMPATH/CodeIgniter.php(892): class_exists('\\Dashboard\\Controllers\\Dashboard', true)
 6 SYSTEMPATH/CodeIgniter.php(486): CodeIgniter\CodeIgniter->startController()
 7 SYSTEMPATH/CodeIgniter.php(368): CodeIgniter\CodeIgniter->handleRequest(null, Object(Config\Cache), false)
 8 FCPATH/index.php(67): CodeIgniter\CodeIgniter->run()
WARNING - 2023-12-05 12:14:35 --> [DEPRECATED] Required parameter $postData follows optional parameter $is_ajax in APPPATH/Modules/Management/Dashboard/Libraries/Ldashboard.php on line 224.
 1 SYSTEMPATH/Autoloader/Autoloader.php(312): include_once()
 2 SYSTEMPATH/Autoloader/Autoloader.php(289): CodeIgniter\Autoloader\Autoloader->includeFile('/Users/absuur/Sites/Art27/art27_crm/app/Modules/Management/Dashboard/Libraries/Ldashboard.php')
 3 SYSTEMPATH/Autoloader/Autoloader.php(267): CodeIgniter\Autoloader\Autoloader->loadInNamespace('Dashboard\\Libraries\\Ldashboard')
 4 APPPATH/Modules/Management/Dashboard/Controllers/Dashboard.php(41): CodeIgniter\Autoloader\Autoloader->loadClass('Dashboard\\Libraries\\Ldashboard')
 5 SYSTEMPATH/CodeIgniter.php(906): Dashboard\Controllers\Dashboard->__construct()
 6 SYSTEMPATH/CodeIgniter.php(490): CodeIgniter\CodeIgniter->createController()
 7 SYSTEMPATH/CodeIgniter.php(368): CodeIgniter\CodeIgniter->handleRequest(null, Object(Config\Cache), false)
 8 FCPATH/index.php(67): CodeIgniter\CodeIgniter->run()
WARNING - 2023-12-05 12:14:35 --> [DEPRECATED] Required parameter $id_name_entity follows optional parameter $id_entity in APPPATH/Modules/Core/DataView/Libraries/DataViewConstructor.php on line 475.
 1 SYSTEMPATH/Autoloader/Autoloader.php(312): include_once()
 2 SYSTEMPATH/Autoloader/Autoloader.php(289): CodeIgniter\Autoloader\Autoloader->includeFile('/Users/absuur/Sites/Art27/art27_crm/app/Modules/Core/DataView/Libraries/DataViewConstructor.php')
 3 SYSTEMPATH/Autoloader/Autoloader.php(267): CodeIgniter\Autoloader\Autoloader->loadInNamespace('DataView\\Libraries\\DataViewConstructor')
 4 APPPATH/Modules/Management/Messagerie/Controllers/Messagerie.php(37): CodeIgniter\Autoloader\Autoloader->loadClass('DataView\\Libraries\\DataViewConstructor')
 5 APPPATH/Config/Services.php(123): Messagerie\Controllers\Messagerie->__construct()
 6 SYSTEMPATH/Config/BaseService.php(193): Config\Services::messagerie(false)
 7 APPPATH/Config/Services.php(120): CodeIgniter\Config\BaseService::getSharedInstance('messagerie')
 8 APPPATH/Modules/Core/Layout/Views/navbar.php(16): Config\Services::messagerie()
 9 SYSTEMPATH/View/View.php(213): include('/Users/absuur/Sites/Art27/art27_crm/app/Modules/Core/Layout/Views/navbar.php')
10 SYSTEMPATH/View/View.php(216): CodeIgniter\View\View->CodeIgniter\View\{closure}()
11 SYSTEMPATH/View/View.php(431): CodeIgniter\View\View->render('Layout\\navbar', null, true)
12 APPPATH/Modules/Core/Layout/Views/index.php(72): CodeIgniter\View\View->include('Layout\\navbar')
13 SYSTEMPATH/View/View.php(213): include('/Users/absuur/Sites/Art27/art27_crm/app/Modules/Core/Layout/Views/index.php')
14 SYSTEMPATH/View/View.php(216): CodeIgniter\View\View->CodeIgniter\View\{closure}()
15 SYSTEMPATH/View/View.php(229): CodeIgniter\View\View->render('Layout\\index', [], true)
16 SYSTEMPATH/Common.php(1184): CodeIgniter\View\View->render('Dashboard\\Views\\/dashboard_dynamique', [], true)
17 APPPATH/Modules/Management/Dashboard/Controllers/Dashboard.php(75): view('Dashboard\\Views\\/dashboard_dynamique', [...])
18 SYSTEMPATH/CodeIgniter.php(934): Dashboard\Controllers\Dashboard->index()
19 SYSTEMPATH/CodeIgniter.php(499): CodeIgniter\CodeIgniter->runController(Object(Dashboard\Controllers\Dashboard))
20 SYSTEMPATH/CodeIgniter.php(368): CodeIgniter\CodeIgniter->handleRequest(null, Object(Config\Cache), false)
21 FCPATH/index.php(67): CodeIgniter\CodeIgniter->run()
INFO - 2023-12-05 12:14:36 --> Session: Class initialized using 'CodeIgniter\Session\Handlers\FileHandler' driver.
WARNING - 2023-12-05 12:14:36 --> [DEPRECATED] Required parameter $id_name_entity follows optional parameter $id_entity in APPPATH/Modules/Core/DataView/Libraries/DataViewConstructor.php on line 475.
 1 SYSTEMPATH/Autoloader/Autoloader.php(312): include_once()
 2 SYSTEMPATH/Autoloader/Autoloader.php(289): CodeIgniter\Autoloader\Autoloader->includeFile('/Users/absuur/Sites/Art27/art27_crm/app/Modules/Core/DataView/Libraries/DataViewConstructor.php')
 3 SYSTEMPATH/Autoloader/Autoloader.php(267): CodeIgniter\Autoloader\Autoloader->loadInNamespace('DataView\\Libraries\\DataViewConstructor')
 4 APPPATH/Modules/Management/Messagerie/Controllers/Messagerie.php(37): CodeIgniter\Autoloader\Autoloader->loadClass('DataView\\Libraries\\DataViewConstructor')
 5 APPPATH/Config/Services.php(123): Messagerie\Controllers\Messagerie->__construct()
 6 SYSTEMPATH/Config/BaseService.php(193): Config\Services::messagerie(false)
 7 APPPATH/Config/Services.php(120): CodeIgniter\Config\BaseService::getSharedInstance('messagerie')
 8 APPPATH/Modules/Core/Layout/Views/navbar.php(16): Config\Services::messagerie()
 9 SYSTEMPATH/View/View.php(213): include('/Users/absuur/Sites/Art27/art27_crm/app/Modules/Core/Layout/Views/navbar.php')
10 SYSTEMPATH/View/View.php(216): CodeIgniter\View\View->CodeIgniter\View\{closure}()
11 SYSTEMPATH/View/View.php(431): CodeIgniter\View\View->render('Layout\\navbar', null, true)
12 APPPATH/Modules/Core/Layout/Views/index.php(72): CodeIgniter\View\View->include('Layout\\navbar')
13 SYSTEMPATH/View/View.php(213): include('/Users/absuur/Sites/Art27/art27_crm/app/Modules/Core/Layout/Views/index.php')
14 SYSTEMPATH/View/View.php(216): CodeIgniter\View\View->CodeIgniter\View\{closure}()
15 SYSTEMPATH/View/View.php(229): CodeIgniter\View\View->render('Layout\\index', [], true)
16 SYSTEMPATH/Common.php(1184): CodeIgniter\View\View->render('Dashboard_default\\Views\\/dashboard_default', [], true)
17 APPPATH/Modules/Management/Dashboard_default/Controllers/Dashboard_default.php(40): view('Dashboard_default\\Views\\/dashboard_default', [...])
18 SYSTEMPATH/CodeIgniter.php(934): Dashboard_default\Controllers\Dashboard_default->index()
19 SYSTEMPATH/CodeIgniter.php(499): CodeIgniter\CodeIgniter->runController(Object(Dashboard_default\Controllers\Dashboard_default))
20 SYSTEMPATH/CodeIgniter.php(368): CodeIgniter\CodeIgniter->handleRequest(null, Object(Config\Cache), false)
21 FCPATH/index.php(67): CodeIgniter\CodeIgniter->run()
INFO - 2023-12-05 12:14:40 --> Session: Class initialized using 'CodeIgniter\Session\Handlers\FileHandler' driver.
WARNING - 2023-12-05 12:14:40 --> [DEPRECATED] Required parameter $id_name_entity follows optional parameter $id_entity in APPPATH/Modules/Core/DataView/Libraries/DataViewConstructor.php on line 475.
 1 SYSTEMPATH/Autoloader/Autoloader.php(312): include_once()
 2 SYSTEMPATH/Autoloader/Autoloader.php(289): CodeIgniter\Autoloader\Autoloader->includeFile('/Users/absuur/Sites/Art27/art27_crm/app/Modules/Core/DataView/Libraries/DataViewConstructor.php')
 3 SYSTEMPATH/Autoloader/Autoloader.php(267): CodeIgniter\Autoloader\Autoloader->loadInNamespace('DataView\\Libraries\\DataViewConstructor')
 4 APPPATH/Modules/Management/Partenaire_social/Models/Partenaire_socialModel.php(32): CodeIgniter\Autoloader\Autoloader->loadClass('DataView\\Libraries\\DataViewConstructor')
 5 APPPATH/Modules/Management/Partenaire_social/Controllers/Partenaire_social.php(53): Partenaire_social\Models\Partenaire_socialModel->__construct()
 6 SYSTEMPATH/CodeIgniter.php(906): Partenaire_social\Controllers\Partenaire_social->__construct()
 7 SYSTEMPATH/CodeIgniter.php(490): CodeIgniter\CodeIgniter->createController()
 8 SYSTEMPATH/CodeIgniter.php(368): CodeIgniter\CodeIgniter->handleRequest(null, Object(Config\Cache), false)
 9 FCPATH/index.php(67): CodeIgniter\CodeIgniter->run()
WARNING - 2023-12-05 12:14:41 --> [DEPRECATED] Required parameter $request follows optional parameter $id_partenaire_social in APPPATH/Modules/Management/Barcode/Models/List_BarCodeModel.php on line 18.
 1 SYSTEMPATH/Autoloader/Autoloader.php(312): include_once()
 2 SYSTEMPATH/Autoloader/Autoloader.php(289): CodeIgniter\Autoloader\Autoloader->includeFile('/Users/absuur/Sites/Art27/art27_crm/app/Modules/Management/Barcode/Models/List_BarCodeModel.php')
 3 SYSTEMPATH/Autoloader/Autoloader.php(267): CodeIgniter\Autoloader\Autoloader->loadInNamespace('Barcode\\Models\\List_BarCodeModel')
 4 APPPATH/Modules/Management/Partenaire_social/Controllers/Partenaire_social.php(54): CodeIgniter\Autoloader\Autoloader->loadClass('Barcode\\Models\\List_BarCodeModel')
 5 SYSTEMPATH/CodeIgniter.php(906): Partenaire_social\Controllers\Partenaire_social->__construct()
 6 SYSTEMPATH/CodeIgniter.php(490): CodeIgniter\CodeIgniter->createController()
 7 SYSTEMPATH/CodeIgniter.php(368): CodeIgniter\CodeIgniter->handleRequest(null, Object(Config\Cache), false)
 8 FCPATH/index.php(67): CodeIgniter\CodeIgniter->run()
INFO - 2023-12-05 12:14:48 --> Session: Class initialized using 'CodeIgniter\Session\Handlers\FileHandler' driver.
WARNING - 2023-12-05 12:14:48 --> [DEPRECATED] Required parameter $id_name_entity follows optional parameter $id_entity in APPPATH/Modules/Core/DataView/Libraries/DataViewConstructor.php on line 475.
 1 SYSTEMPATH/Autoloader/Autoloader.php(312): include_once()
 2 SYSTEMPATH/Autoloader/Autoloader.php(289): CodeIgniter\Autoloader\Autoloader->includeFile('/Users/absuur/Sites/Art27/art27_crm/app/Modules/Core/DataView/Libraries/DataViewConstructor.php')
 3 SYSTEMPATH/Autoloader/Autoloader.php(267): CodeIgniter\Autoloader\Autoloader->loadInNamespace('DataView\\Libraries\\DataViewConstructor')
 4 APPPATH/Modules/Management/Partenaire_social/Models/Partenaire_socialModel.php(32): CodeIgniter\Autoloader\Autoloader->loadClass('DataView\\Libraries\\DataViewConstructor')
 5 APPPATH/Modules/Management/Partenaire_social/Controllers/Partenaire_social.php(53): Partenaire_social\Models\Partenaire_socialModel->__construct()
 6 SYSTEMPATH/CodeIgniter.php(906): Partenaire_social\Controllers\Partenaire_social->__construct()
 7 SYSTEMPATH/CodeIgniter.php(490): CodeIgniter\CodeIgniter->createController()
 8 SYSTEMPATH/CodeIgniter.php(368): CodeIgniter\CodeIgniter->handleRequest(null, Object(Config\Cache), false)
 9 FCPATH/index.php(67): CodeIgniter\CodeIgniter->run()
WARNING - 2023-12-05 12:14:49 --> [DEPRECATED] Required parameter $request follows optional parameter $id_partenaire_social in APPPATH/Modules/Management/Barcode/Models/List_BarCodeModel.php on line 18.
 1 SYSTEMPATH/Autoloader/Autoloader.php(312): include_once()
 2 SYSTEMPATH/Autoloader/Autoloader.php(289): CodeIgniter\Autoloader\Autoloader->includeFile('/Users/absuur/Sites/Art27/art27_crm/app/Modules/Management/Barcode/Models/List_BarCodeModel.php')
 3 SYSTEMPATH/Autoloader/Autoloader.php(267): CodeIgniter\Autoloader\Autoloader->loadInNamespace('Barcode\\Models\\List_BarCodeModel')
 4 APPPATH/Modules/Management/Partenaire_social/Controllers/Partenaire_social.php(54): CodeIgniter\Autoloader\Autoloader->loadClass('Barcode\\Models\\List_BarCodeModel')
 5 SYSTEMPATH/CodeIgniter.php(906): Partenaire_social\Controllers\Partenaire_social->__construct()
 6 SYSTEMPATH/CodeIgniter.php(490): CodeIgniter\CodeIgniter->createController()
 7 SYSTEMPATH/CodeIgniter.php(368): CodeIgniter\CodeIgniter->handleRequest(null, Object(Config\Cache), false)
 8 FCPATH/index.php(67): CodeIgniter\CodeIgniter->run()
INFO - 2023-12-05 12:14:54 --> Session: Class initialized using 'CodeIgniter\Session\Handlers\FileHandler' driver.
WARNING - 2023-12-05 12:14:54 --> [DEPRECATED] Required parameter $id_name_entity follows optional parameter $id_entity in APPPATH/Modules/Core/DataView/Libraries/DataViewConstructor.php on line 475.
 1 SYSTEMPATH/Autoloader/Autoloader.php(312): include_once()
 2 SYSTEMPATH/Autoloader/Autoloader.php(289): CodeIgniter\Autoloader\Autoloader->includeFile('/Users/absuur/Sites/Art27/art27_crm/app/Modules/Core/DataView/Libraries/DataViewConstructor.php')
 3 SYSTEMPATH/Autoloader/Autoloader.php(267): CodeIgniter\Autoloader\Autoloader->loadInNamespace('DataView\\Libraries\\DataViewConstructor')
 4 APPPATH/Modules/Management/Partenaire_social/Models/Partenaire_socialModel.php(32): CodeIgniter\Autoloader\Autoloader->loadClass('DataView\\Libraries\\DataViewConstructor')
 5 APPPATH/Modules/Management/Partenaire_social/Controllers/Partenaire_social.php(53): Partenaire_social\Models\Partenaire_socialModel->__construct()
 6 SYSTEMPATH/CodeIgniter.php(906): Partenaire_social\Controllers\Partenaire_social->__construct()
 7 SYSTEMPATH/CodeIgniter.php(490): CodeIgniter\CodeIgniter->createController()
 8 SYSTEMPATH/CodeIgniter.php(368): CodeIgniter\CodeIgniter->handleRequest(null, Object(Config\Cache), false)
 9 FCPATH/index.php(67): CodeIgniter\CodeIgniter->run()
WARNING - 2023-12-05 12:14:54 --> [DEPRECATED] Required parameter $request follows optional parameter $id_partenaire_social in APPPATH/Modules/Management/Barcode/Models/List_BarCodeModel.php on line 18.
 1 SYSTEMPATH/Autoloader/Autoloader.php(312): include_once()
 2 SYSTEMPATH/Autoloader/Autoloader.php(289): CodeIgniter\Autoloader\Autoloader->includeFile('/Users/absuur/Sites/Art27/art27_crm/app/Modules/Management/Barcode/Models/List_BarCodeModel.php')
 3 SYSTEMPATH/Autoloader/Autoloader.php(267): CodeIgniter\Autoloader\Autoloader->loadInNamespace('Barcode\\Models\\List_BarCodeModel')
 4 APPPATH/Modules/Management/Partenaire_social/Controllers/Partenaire_social.php(54): CodeIgniter\Autoloader\Autoloader->loadClass('Barcode\\Models\\List_BarCodeModel')
 5 SYSTEMPATH/CodeIgniter.php(906): Partenaire_social\Controllers\Partenaire_social->__construct()
 6 SYSTEMPATH/CodeIgniter.php(490): CodeIgniter\CodeIgniter->createController()
 7 SYSTEMPATH/CodeIgniter.php(368): CodeIgniter\CodeIgniter->handleRequest(null, Object(Config\Cache), false)
 8 FCPATH/index.php(67): CodeIgniter\CodeIgniter->run()
INFO - 2023-12-05 12:15:13 --> Session: Class initialized using 'CodeIgniter\Session\Handlers\FileHandler' driver.
WARNING - 2023-12-05 12:15:13 --> [DEPRECATED] Required parameter $id_name_entity follows optional parameter $id_entity in APPPATH/Modules/Core/DataView/Libraries/DataViewConstructor.php on line 475.
 1 SYSTEMPATH/Autoloader/Autoloader.php(312): include_once()
 2 SYSTEMPATH/Autoloader/Autoloader.php(289): CodeIgniter\Autoloader\Autoloader->includeFile('/Users/absuur/Sites/Art27/art27_crm/app/Modules/Core/DataView/Libraries/DataViewConstructor.php')
 3 SYSTEMPATH/Autoloader/Autoloader.php(267): CodeIgniter\Autoloader\Autoloader->loadInNamespace('DataView\\Libraries\\DataViewConstructor')
 4 APPPATH/Modules/Management/Partenaire_social/Models/Partenaire_socialModel.php(32): CodeIgniter\Autoloader\Autoloader->loadClass('DataView\\Libraries\\DataViewConstructor')
 5 APPPATH/Modules/Management/Partenaire_social/Controllers/Partenaire_social.php(53): Partenaire_social\Models\Partenaire_socialModel->__construct()
 6 SYSTEMPATH/CodeIgniter.php(906): Partenaire_social\Controllers\Partenaire_social->__construct()
 7 SYSTEMPATH/CodeIgniter.php(490): CodeIgniter\CodeIgniter->createController()
 8 SYSTEMPATH/CodeIgniter.php(368): CodeIgniter\CodeIgniter->handleRequest(null, Object(Config\Cache), false)
 9 FCPATH/index.php(67): CodeIgniter\CodeIgniter->run()
WARNING - 2023-12-05 12:15:13 --> [DEPRECATED] Required parameter $request follows optional parameter $id_partenaire_social in APPPATH/Modules/Management/Barcode/Models/List_BarCodeModel.php on line 18.
 1 SYSTEMPATH/Autoloader/Autoloader.php(312): include_once()
 2 SYSTEMPATH/Autoloader/Autoloader.php(289): CodeIgniter\Autoloader\Autoloader->includeFile('/Users/absuur/Sites/Art27/art27_crm/app/Modules/Management/Barcode/Models/List_BarCodeModel.php')
 3 SYSTEMPATH/Autoloader/Autoloader.php(267): CodeIgniter\Autoloader\Autoloader->loadInNamespace('Barcode\\Models\\List_BarCodeModel')
 4 APPPATH/Modules/Management/Partenaire_social/Controllers/Partenaire_social.php(54): CodeIgniter\Autoloader\Autoloader->loadClass('Barcode\\Models\\List_BarCodeModel')
 5 SYSTEMPATH/CodeIgniter.php(906): Partenaire_social\Controllers\Partenaire_social->__construct()
 6 SYSTEMPATH/CodeIgniter.php(490): CodeIgniter\CodeIgniter->createController()
 7 SYSTEMPATH/CodeIgniter.php(368): CodeIgniter\CodeIgniter->handleRequest(null, Object(Config\Cache), false)
 8 FCPATH/index.php(67): CodeIgniter\CodeIgniter->run()
INFO - 2023-12-05 14:10:38 --> Session: Class initialized using 'CodeIgniter\Session\Handlers\FileHandler' driver.
INFO - 2023-12-05 14:10:39 --> Session: Class initialized using 'CodeIgniter\Session\Handlers\FileHandler' driver.
INFO - 2023-12-05 14:10:43 --> Session: Class initialized using 'CodeIgniter\Session\Handlers\FileHandler' driver.
INFO - 2023-12-05 14:10:45 --> Session: Class initialized using 'CodeIgniter\Session\Handlers\FileHandler' driver.
WARNING - 2023-12-05 14:10:45 --> [DEPRECATED] Required parameter $id_onglet follows optional parameter $id_user in APPPATH/Modules/Management/Dashboard/Controllers/Dashboard.php on line 406.
 1 SYSTEMPATH/Autoloader/Autoloader.php(312): include_once()
 2 SYSTEMPATH/Autoloader/Autoloader.php(289): CodeIgniter\Autoloader\Autoloader->includeFile('/Users/absuur/Sites/Art27/art27_crm/app/Modules/Management/Dashboard/Controllers/Dashboard.php')
 3 SYSTEMPATH/Autoloader/Autoloader.php(267): CodeIgniter\Autoloader\Autoloader->loadInNamespace('Dashboard\\Controllers\\Dashboard')
 4 [internal function]: CodeIgniter\Autoloader\Autoloader->loadClass('Dashboard\\Controllers\\Dashboard')
 5 SYSTEMPATH/CodeIgniter.php(892): class_exists('\\Dashboard\\Controllers\\Dashboard', true)
 6 SYSTEMPATH/CodeIgniter.php(486): CodeIgniter\CodeIgniter->startController()
 7 SYSTEMPATH/CodeIgniter.php(368): CodeIgniter\CodeIgniter->handleRequest(null, Object(Config\Cache), false)
 8 FCPATH/index.php(67): CodeIgniter\CodeIgniter->run()
WARNING - 2023-12-05 14:10:45 --> [DEPRECATED] Required parameter $postData follows optional parameter $is_ajax in APPPATH/Modules/Management/Dashboard/Libraries/Ldashboard.php on line 224.
 1 SYSTEMPATH/Autoloader/Autoloader.php(312): include_once()
 2 SYSTEMPATH/Autoloader/Autoloader.php(289): CodeIgniter\Autoloader\Autoloader->includeFile('/Users/absuur/Sites/Art27/art27_crm/app/Modules/Management/Dashboard/Libraries/Ldashboard.php')
 3 SYSTEMPATH/Autoloader/Autoloader.php(267): CodeIgniter\Autoloader\Autoloader->loadInNamespace('Dashboard\\Libraries\\Ldashboard')
 4 APPPATH/Modules/Management/Dashboard/Controllers/Dashboard.php(41): CodeIgniter\Autoloader\Autoloader->loadClass('Dashboard\\Libraries\\Ldashboard')
 5 SYSTEMPATH/CodeIgniter.php(906): Dashboard\Controllers\Dashboard->__construct()
 6 SYSTEMPATH/CodeIgniter.php(490): CodeIgniter\CodeIgniter->createController()
 7 SYSTEMPATH/CodeIgniter.php(368): CodeIgniter\CodeIgniter->handleRequest(null, Object(Config\Cache), false)
 8 FCPATH/index.php(67): CodeIgniter\CodeIgniter->run()
WARNING - 2023-12-05 14:10:45 --> [DEPRECATED] Required parameter $id_name_entity follows optional parameter $id_entity in APPPATH/Modules/Core/DataView/Libraries/DataViewConstructor.php on line 475.
 1 SYSTEMPATH/Autoloader/Autoloader.php(312): include_once()
 2 SYSTEMPATH/Autoloader/Autoloader.php(289): CodeIgniter\Autoloader\Autoloader->includeFile('/Users/absuur/Sites/Art27/art27_crm/app/Modules/Core/DataView/Libraries/DataViewConstructor.php')
 3 SYSTEMPATH/Autoloader/Autoloader.php(267): CodeIgniter\Autoloader\Autoloader->loadInNamespace('DataView\\Libraries\\DataViewConstructor')
 4 APPPATH/Modules/Management/Messagerie/Controllers/Messagerie.php(37): CodeIgniter\Autoloader\Autoloader->loadClass('DataView\\Libraries\\DataViewConstructor')
 5 APPPATH/Config/Services.php(123): Messagerie\Controllers\Messagerie->__construct()
 6 SYSTEMPATH/Config/BaseService.php(193): Config\Services::messagerie(false)
 7 APPPATH/Config/Services.php(120): CodeIgniter\Config\BaseService::getSharedInstance('messagerie')
 8 APPPATH/Modules/Core/Layout/Views/navbar.php(16): Config\Services::messagerie()
 9 SYSTEMPATH/View/View.php(213): include('/Users/absuur/Sites/Art27/art27_crm/app/Modules/Core/Layout/Views/navbar.php')
10 SYSTEMPATH/View/View.php(216): CodeIgniter\View\View->CodeIgniter\View\{closure}()
11 SYSTEMPATH/View/View.php(431): CodeIgniter\View\View->render('Layout\\navbar', null, true)
12 APPPATH/Modules/Core/Layout/Views/index.php(72): CodeIgniter\View\View->include('Layout\\navbar')
13 SYSTEMPATH/View/View.php(213): include('/Users/absuur/Sites/Art27/art27_crm/app/Modules/Core/Layout/Views/index.php')
14 SYSTEMPATH/View/View.php(216): CodeIgniter\View\View->CodeIgniter\View\{closure}()
15 SYSTEMPATH/View/View.php(229): CodeIgniter\View\View->render('Layout\\index', [], true)
16 SYSTEMPATH/Common.php(1184): CodeIgniter\View\View->render('Dashboard\\Views\\/dashboard_dynamique', [], true)
17 APPPATH/Modules/Management/Dashboard/Controllers/Dashboard.php(75): view('Dashboard\\Views\\/dashboard_dynamique', [...])
18 SYSTEMPATH/CodeIgniter.php(934): Dashboard\Controllers\Dashboard->index()
19 SYSTEMPATH/CodeIgniter.php(499): CodeIgniter\CodeIgniter->runController(Object(Dashboard\Controllers\Dashboard))
20 SYSTEMPATH/CodeIgniter.php(368): CodeIgniter\CodeIgniter->handleRequest(null, Object(Config\Cache), false)
21 FCPATH/index.php(67): CodeIgniter\CodeIgniter->run()
INFO - 2023-12-05 14:10:46 --> Session: Class initialized using 'CodeIgniter\Session\Handlers\FileHandler' driver.
WARNING - 2023-12-05 14:10:46 --> [DEPRECATED] Required parameter $id_name_entity follows optional parameter $id_entity in APPPATH/Modules/Core/DataView/Libraries/DataViewConstructor.php on line 475.
 1 SYSTEMPATH/Autoloader/Autoloader.php(312): include_once()
 2 SYSTEMPATH/Autoloader/Autoloader.php(289): CodeIgniter\Autoloader\Autoloader->includeFile('/Users/absuur/Sites/Art27/art27_crm/app/Modules/Core/DataView/Libraries/DataViewConstructor.php')
 3 SYSTEMPATH/Autoloader/Autoloader.php(267): CodeIgniter\Autoloader\Autoloader->loadInNamespace('DataView\\Libraries\\DataViewConstructor')
 4 APPPATH/Modules/Management/Messagerie/Controllers/Messagerie.php(37): CodeIgniter\Autoloader\Autoloader->loadClass('DataView\\Libraries\\DataViewConstructor')
 5 APPPATH/Config/Services.php(123): Messagerie\Controllers\Messagerie->__construct()
 6 SYSTEMPATH/Config/BaseService.php(193): Config\Services::messagerie(false)
 7 APPPATH/Config/Services.php(120): CodeIgniter\Config\BaseService::getSharedInstance('messagerie')
 8 APPPATH/Modules/Core/Layout/Views/navbar.php(16): Config\Services::messagerie()
 9 SYSTEMPATH/View/View.php(213): include('/Users/absuur/Sites/Art27/art27_crm/app/Modules/Core/Layout/Views/navbar.php')
10 SYSTEMPATH/View/View.php(216): CodeIgniter\View\View->CodeIgniter\View\{closure}()
11 SYSTEMPATH/View/View.php(431): CodeIgniter\View\View->render('Layout\\navbar', null, true)
12 APPPATH/Modules/Core/Layout/Views/index.php(72): CodeIgniter\View\View->include('Layout\\navbar')
13 SYSTEMPATH/View/View.php(213): include('/Users/absuur/Sites/Art27/art27_crm/app/Modules/Core/Layout/Views/index.php')
14 SYSTEMPATH/View/View.php(216): CodeIgniter\View\View->CodeIgniter\View\{closure}()
15 SYSTEMPATH/View/View.php(229): CodeIgniter\View\View->render('Layout\\index', [], true)
16 SYSTEMPATH/Common.php(1184): CodeIgniter\View\View->render('Dashboard_default\\Views\\/dashboard_default', [], true)
17 APPPATH/Modules/Management/Dashboard_default/Controllers/Dashboard_default.php(40): view('Dashboard_default\\Views\\/dashboard_default', [...])
18 SYSTEMPATH/CodeIgniter.php(934): Dashboard_default\Controllers\Dashboard_default->index()
19 SYSTEMPATH/CodeIgniter.php(499): CodeIgniter\CodeIgniter->runController(Object(Dashboard_default\Controllers\Dashboard_default))
20 SYSTEMPATH/CodeIgniter.php(368): CodeIgniter\CodeIgniter->handleRequest(null, Object(Config\Cache), false)
21 FCPATH/index.php(67): CodeIgniter\CodeIgniter->run()
INFO - 2023-12-05 14:10:51 --> Session: Class initialized using 'CodeIgniter\Session\Handlers\FileHandler' driver.
WARNING - 2023-12-05 14:10:51 --> [DEPRECATED] Required parameter $id_name_entity follows optional parameter $id_entity in APPPATH/Modules/Core/DataView/Libraries/DataViewConstructor.php on line 475.
 1 SYSTEMPATH/Autoloader/Autoloader.php(312): include_once()
 2 SYSTEMPATH/Autoloader/Autoloader.php(289): CodeIgniter\Autoloader\Autoloader->includeFile('/Users/absuur/Sites/Art27/art27_crm/app/Modules/Core/DataView/Libraries/DataViewConstructor.php')
 3 SYSTEMPATH/Autoloader/Autoloader.php(267): CodeIgniter\Autoloader\Autoloader->loadInNamespace('DataView\\Libraries\\DataViewConstructor')
 4 APPPATH/Modules/Management/Partenaire_social/Models/Partenaire_socialModel.php(32): CodeIgniter\Autoloader\Autoloader->loadClass('DataView\\Libraries\\DataViewConstructor')
 5 APPPATH/Modules/Management/Partenaire_social/Controllers/Partenaire_social.php(53): Partenaire_social\Models\Partenaire_socialModel->__construct()
 6 SYSTEMPATH/CodeIgniter.php(906): Partenaire_social\Controllers\Partenaire_social->__construct()
 7 SYSTEMPATH/CodeIgniter.php(490): CodeIgniter\CodeIgniter->createController()
 8 SYSTEMPATH/CodeIgniter.php(368): CodeIgniter\CodeIgniter->handleRequest(null, Object(Config\Cache), false)
 9 FCPATH/index.php(67): CodeIgniter\CodeIgniter->run()
WARNING - 2023-12-05 14:10:51 --> [DEPRECATED] Required parameter $request follows optional parameter $id_partenaire_social in APPPATH/Modules/Management/Barcode/Models/List_BarCodeModel.php on line 18.
 1 SYSTEMPATH/Autoloader/Autoloader.php(312): include_once()
 2 SYSTEMPATH/Autoloader/Autoloader.php(289): CodeIgniter\Autoloader\Autoloader->includeFile('/Users/absuur/Sites/Art27/art27_crm/app/Modules/Management/Barcode/Models/List_BarCodeModel.php')
 3 SYSTEMPATH/Autoloader/Autoloader.php(267): CodeIgniter\Autoloader\Autoloader->loadInNamespace('Barcode\\Models\\List_BarCodeModel')
 4 APPPATH/Modules/Management/Partenaire_social/Controllers/Partenaire_social.php(54): CodeIgniter\Autoloader\Autoloader->loadClass('Barcode\\Models\\List_BarCodeModel')
 5 SYSTEMPATH/CodeIgniter.php(906): Partenaire_social\Controllers\Partenaire_social->__construct()
 6 SYSTEMPATH/CodeIgniter.php(490): CodeIgniter\CodeIgniter->createController()
 7 SYSTEMPATH/CodeIgniter.php(368): CodeIgniter\CodeIgniter->handleRequest(null, Object(Config\Cache), false)
 8 FCPATH/index.php(67): CodeIgniter\CodeIgniter->run()
INFO - 2023-12-05 14:10:55 --> Session: Class initialized using 'CodeIgniter\Session\Handlers\FileHandler' driver.
WARNING - 2023-12-05 14:10:55 --> [DEPRECATED] Required parameter $id_name_entity follows optional parameter $id_entity in APPPATH/Modules/Core/DataView/Libraries/DataViewConstructor.php on line 475.
 1 SYSTEMPATH/Autoloader/Autoloader.php(312): include_once()
 2 SYSTEMPATH/Autoloader/Autoloader.php(289): CodeIgniter\Autoloader\Autoloader->includeFile('/Users/absuur/Sites/Art27/art27_crm/app/Modules/Core/DataView/Libraries/DataViewConstructor.php')
 3 SYSTEMPATH/Autoloader/Autoloader.php(267): CodeIgniter\Autoloader\Autoloader->loadInNamespace('DataView\\Libraries\\DataViewConstructor')
 4 APPPATH/Modules/Management/Partenaire_social/Models/Partenaire_socialModel.php(32): CodeIgniter\Autoloader\Autoloader->loadClass('DataView\\Libraries\\DataViewConstructor')
 5 APPPATH/Modules/Management/Partenaire_social/Controllers/Partenaire_social.php(53): Partenaire_social\Models\Partenaire_socialModel->__construct()
 6 SYSTEMPATH/CodeIgniter.php(906): Partenaire_social\Controllers\Partenaire_social->__construct()
 7 SYSTEMPATH/CodeIgniter.php(490): CodeIgniter\CodeIgniter->createController()
 8 SYSTEMPATH/CodeIgniter.php(368): CodeIgniter\CodeIgniter->handleRequest(null, Object(Config\Cache), false)
 9 FCPATH/index.php(67): CodeIgniter\CodeIgniter->run()
WARNING - 2023-12-05 14:10:55 --> [DEPRECATED] Required parameter $request follows optional parameter $id_partenaire_social in APPPATH/Modules/Management/Barcode/Models/List_BarCodeModel.php on line 18.
 1 SYSTEMPATH/Autoloader/Autoloader.php(312): include_once()
 2 SYSTEMPATH/Autoloader/Autoloader.php(289): CodeIgniter\Autoloader\Autoloader->includeFile('/Users/absuur/Sites/Art27/art27_crm/app/Modules/Management/Barcode/Models/List_BarCodeModel.php')
 3 SYSTEMPATH/Autoloader/Autoloader.php(267): CodeIgniter\Autoloader\Autoloader->loadInNamespace('Barcode\\Models\\List_BarCodeModel')
 4 APPPATH/Modules/Management/Partenaire_social/Controllers/Partenaire_social.php(54): CodeIgniter\Autoloader\Autoloader->loadClass('Barcode\\Models\\List_BarCodeModel')
 5 SYSTEMPATH/CodeIgniter.php(906): Partenaire_social\Controllers\Partenaire_social->__construct()
 6 SYSTEMPATH/CodeIgniter.php(490): CodeIgniter\CodeIgniter->createController()
 7 SYSTEMPATH/CodeIgniter.php(368): CodeIgniter\CodeIgniter->handleRequest(null, Object(Config\Cache), false)
 8 FCPATH/index.php(67): CodeIgniter\CodeIgniter->run()
INFO - 2023-12-05 14:11:03 --> Session: Class initialized using 'CodeIgniter\Session\Handlers\FileHandler' driver.
WARNING - 2023-12-05 14:11:03 --> [DEPRECATED] Required parameter $id_name_entity follows optional parameter $id_entity in APPPATH/Modules/Core/DataView/Libraries/DataViewConstructor.php on line 475.
 1 SYSTEMPATH/Autoloader/Autoloader.php(312): include_once()
 2 SYSTEMPATH/Autoloader/Autoloader.php(289): CodeIgniter\Autoloader\Autoloader->includeFile('/Users/absuur/Sites/Art27/art27_crm/app/Modules/Core/DataView/Libraries/DataViewConstructor.php')
 3 SYSTEMPATH/Autoloader/Autoloader.php(267): CodeIgniter\Autoloader\Autoloader->loadInNamespace('DataView\\Libraries\\DataViewConstructor')
 4 APPPATH/Modules/Management/Partenaire_social/Models/Partenaire_socialModel.php(32): CodeIgniter\Autoloader\Autoloader->loadClass('DataView\\Libraries\\DataViewConstructor')
 5 APPPATH/Modules/Management/Partenaire_social/Controllers/Partenaire_social.php(53): Partenaire_social\Models\Partenaire_socialModel->__construct()
 6 SYSTEMPATH/CodeIgniter.php(906): Partenaire_social\Controllers\Partenaire_social->__construct()
 7 SYSTEMPATH/CodeIgniter.php(490): CodeIgniter\CodeIgniter->createController()
 8 SYSTEMPATH/CodeIgniter.php(368): CodeIgniter\CodeIgniter->handleRequest(null, Object(Config\Cache), false)
 9 FCPATH/index.php(67): CodeIgniter\CodeIgniter->run()
WARNING - 2023-12-05 14:11:03 --> [DEPRECATED] Required parameter $request follows optional parameter $id_partenaire_social in APPPATH/Modules/Management/Barcode/Models/List_BarCodeModel.php on line 18.
 1 SYSTEMPATH/Autoloader/Autoloader.php(312): include_once()
 2 SYSTEMPATH/Autoloader/Autoloader.php(289): CodeIgniter\Autoloader\Autoloader->includeFile('/Users/absuur/Sites/Art27/art27_crm/app/Modules/Management/Barcode/Models/List_BarCodeModel.php')
 3 SYSTEMPATH/Autoloader/Autoloader.php(267): CodeIgniter\Autoloader\Autoloader->loadInNamespace('Barcode\\Models\\List_BarCodeModel')
 4 APPPATH/Modules/Management/Partenaire_social/Controllers/Partenaire_social.php(54): CodeIgniter\Autoloader\Autoloader->loadClass('Barcode\\Models\\List_BarCodeModel')
 5 SYSTEMPATH/CodeIgniter.php(906): Partenaire_social\Controllers\Partenaire_social->__construct()
 6 SYSTEMPATH/CodeIgniter.php(490): CodeIgniter\CodeIgniter->createController()
 7 SYSTEMPATH/CodeIgniter.php(368): CodeIgniter\CodeIgniter->handleRequest(null, Object(Config\Cache), false)
 8 FCPATH/index.php(67): CodeIgniter\CodeIgniter->run()
INFO - 2023-12-05 14:12:05 --> Session: Class initialized using 'CodeIgniter\Session\Handlers\FileHandler' driver.
WARNING - 2023-12-05 14:12:05 --> [DEPRECATED] Required parameter $id_name_entity follows optional parameter $id_entity in APPPATH/Modules/Core/DataView/Libraries/DataViewConstructor.php on line 475.
 1 SYSTEMPATH/Autoloader/Autoloader.php(312): include_once()
 2 SYSTEMPATH/Autoloader/Autoloader.php(289): CodeIgniter\Autoloader\Autoloader->includeFile('/Users/absuur/Sites/Art27/art27_crm/app/Modules/Core/DataView/Libraries/DataViewConstructor.php')
 3 SYSTEMPATH/Autoloader/Autoloader.php(267): CodeIgniter\Autoloader\Autoloader->loadInNamespace('DataView\\Libraries\\DataViewConstructor')
 4 APPPATH/Modules/Management/Partenaire_social/Models/Partenaire_socialModel.php(32): CodeIgniter\Autoloader\Autoloader->loadClass('DataView\\Libraries\\DataViewConstructor')
 5 APPPATH/Modules/Management/Partenaire_social/Controllers/Partenaire_social.php(53): Partenaire_social\Models\Partenaire_socialModel->__construct()
 6 SYSTEMPATH/CodeIgniter.php(906): Partenaire_social\Controllers\Partenaire_social->__construct()
 7 SYSTEMPATH/CodeIgniter.php(490): CodeIgniter\CodeIgniter->createController()
 8 SYSTEMPATH/CodeIgniter.php(368): CodeIgniter\CodeIgniter->handleRequest(null, Object(Config\Cache), false)
 9 FCPATH/index.php(67): CodeIgniter\CodeIgniter->run()
WARNING - 2023-12-05 14:12:05 --> [DEPRECATED] Required parameter $request follows optional parameter $id_partenaire_social in APPPATH/Modules/Management/Barcode/Models/List_BarCodeModel.php on line 18.
 1 SYSTEMPATH/Autoloader/Autoloader.php(312): include_once()
 2 SYSTEMPATH/Autoloader/Autoloader.php(289): CodeIgniter\Autoloader\Autoloader->includeFile('/Users/absuur/Sites/Art27/art27_crm/app/Modules/Management/Barcode/Models/List_BarCodeModel.php')
 3 SYSTEMPATH/Autoloader/Autoloader.php(267): CodeIgniter\Autoloader\Autoloader->loadInNamespace('Barcode\\Models\\List_BarCodeModel')
 4 APPPATH/Modules/Management/Partenaire_social/Controllers/Partenaire_social.php(54): CodeIgniter\Autoloader\Autoloader->loadClass('Barcode\\Models\\List_BarCodeModel')
 5 SYSTEMPATH/CodeIgniter.php(906): Partenaire_social\Controllers\Partenaire_social->__construct()
 6 SYSTEMPATH/CodeIgniter.php(490): CodeIgniter\CodeIgniter->createController()
 7 SYSTEMPATH/CodeIgniter.php(368): CodeIgniter\CodeIgniter->handleRequest(null, Object(Config\Cache), false)
 8 FCPATH/index.php(67): CodeIgniter\CodeIgniter->run()
INFO - 2023-12-05 14:12:35 --> Session: Class initialized using 'CodeIgniter\Session\Handlers\FileHandler' driver.
WARNING - 2023-12-05 14:12:35 --> [DEPRECATED] Required parameter $id_name_entity follows optional parameter $id_entity in APPPATH/Modules/Core/DataView/Libraries/DataViewConstructor.php on line 475.
 1 SYSTEMPATH/Autoloader/Autoloader.php(312): include_once()
 2 SYSTEMPATH/Autoloader/Autoloader.php(289): CodeIgniter\Autoloader\Autoloader->includeFile('/Users/absuur/Sites/Art27/art27_crm/app/Modules/Core/DataView/Libraries/DataViewConstructor.php')
 3 SYSTEMPATH/Autoloader/Autoloader.php(267): CodeIgniter\Autoloader\Autoloader->loadInNamespace('DataView\\Libraries\\DataViewConstructor')
 4 APPPATH/Modules/Management/Partenaire_social/Models/Partenaire_socialModel.php(32): CodeIgniter\Autoloader\Autoloader->loadClass('DataView\\Libraries\\DataViewConstructor')
 5 APPPATH/Modules/Management/Partenaire_social/Controllers/Partenaire_social.php(53): Partenaire_social\Models\Partenaire_socialModel->__construct()
 6 SYSTEMPATH/CodeIgniter.php(906): Partenaire_social\Controllers\Partenaire_social->__construct()
 7 SYSTEMPATH/CodeIgniter.php(490): CodeIgniter\CodeIgniter->createController()
 8 SYSTEMPATH/CodeIgniter.php(368): CodeIgniter\CodeIgniter->handleRequest(null, Object(Config\Cache), false)
 9 FCPATH/index.php(67): CodeIgniter\CodeIgniter->run()
WARNING - 2023-12-05 14:12:35 --> [DEPRECATED] Required parameter $request follows optional parameter $id_partenaire_social in APPPATH/Modules/Management/Barcode/Models/List_BarCodeModel.php on line 18.
 1 SYSTEMPATH/Autoloader/Autoloader.php(312): include_once()
 2 SYSTEMPATH/Autoloader/Autoloader.php(289): CodeIgniter\Autoloader\Autoloader->includeFile('/Users/absuur/Sites/Art27/art27_crm/app/Modules/Management/Barcode/Models/List_BarCodeModel.php')
 3 SYSTEMPATH/Autoloader/Autoloader.php(267): CodeIgniter\Autoloader\Autoloader->loadInNamespace('Barcode\\Models\\List_BarCodeModel')
 4 APPPATH/Modules/Management/Partenaire_social/Controllers/Partenaire_social.php(54): CodeIgniter\Autoloader\Autoloader->loadClass('Barcode\\Models\\List_BarCodeModel')
 5 SYSTEMPATH/CodeIgniter.php(906): Partenaire_social\Controllers\Partenaire_social->__construct()
 6 SYSTEMPATH/CodeIgniter.php(490): CodeIgniter\CodeIgniter->createController()
 7 SYSTEMPATH/CodeIgniter.php(368): CodeIgniter\CodeIgniter->handleRequest(null, Object(Config\Cache), false)
 8 FCPATH/index.php(67): CodeIgniter\CodeIgniter->run()
INFO - 2023-12-05 14:12:54 --> Session: Class initialized using 'CodeIgniter\Session\Handlers\FileHandler' driver.
WARNING - 2023-12-05 14:12:54 --> [DEPRECATED] Required parameter $request follows optional parameter $id_partenaire_culturel in APPPATH/Modules/Management/Ticket/Models/TicketModel.php on line 32.
 1 SYSTEMPATH/Autoloader/Autoloader.php(312): include_once()
 2 SYSTEMPATH/Autoloader/Autoloader.php(289): CodeIgniter\Autoloader\Autoloader->includeFile('/Users/absuur/Sites/Art27/art27_crm/app/Modules/Management/Ticket/Models/TicketModel.php')
 3 SYSTEMPATH/Autoloader/Autoloader.php(267): CodeIgniter\Autoloader\Autoloader->loadInNamespace('Ticket\\Models\\TicketModel')
 4 APPPATH/Modules/Management/Ticket/Controllers/Ticket.php(68): CodeIgniter\Autoloader\Autoloader->loadClass('Ticket\\Models\\TicketModel')
 5 SYSTEMPATH/CodeIgniter.php(906): Ticket\Controllers\Ticket->__construct()
 6 SYSTEMPATH/CodeIgniter.php(490): CodeIgniter\CodeIgniter->createController()
 7 SYSTEMPATH/CodeIgniter.php(368): CodeIgniter\CodeIgniter->handleRequest(null, Object(Config\Cache), false)
 8 FCPATH/index.php(67): CodeIgniter\CodeIgniter->run()
WARNING - 2023-12-05 14:12:54 --> [DEPRECATED] Required parameter $request follows optional parameter $id_partenaire_social in APPPATH/Modules/Management/Barcode/Models/List_BarCodeModel.php on line 18.
 1 SYSTEMPATH/Autoloader/Autoloader.php(312): include_once()
 2 SYSTEMPATH/Autoloader/Autoloader.php(289): CodeIgniter\Autoloader\Autoloader->includeFile('/Users/absuur/Sites/Art27/art27_crm/app/Modules/Management/Barcode/Models/List_BarCodeModel.php')
 3 SYSTEMPATH/Autoloader/Autoloader.php(267): CodeIgniter\Autoloader\Autoloader->loadInNamespace('Barcode\\Models\\List_BarCodeModel')
 4 APPPATH/Modules/Management/Ticket/Controllers/Ticket.php(69): CodeIgniter\Autoloader\Autoloader->loadClass('Barcode\\Models\\List_BarCodeModel')
 5 SYSTEMPATH/CodeIgniter.php(906): Ticket\Controllers\Ticket->__construct()
 6 SYSTEMPATH/CodeIgniter.php(490): CodeIgniter\CodeIgniter->createController()
 7 SYSTEMPATH/CodeIgniter.php(368): CodeIgniter\CodeIgniter->handleRequest(null, Object(Config\Cache), false)
 8 FCPATH/index.php(67): CodeIgniter\CodeIgniter->run()
WARNING - 2023-12-05 14:12:54 --> [DEPRECATED] Required parameter $id_name_entity follows optional parameter $id_entity in APPPATH/Modules/Core/DataView/Libraries/DataViewConstructor.php on line 475.
 1 SYSTEMPATH/Autoloader/Autoloader.php(312): include_once()
 2 SYSTEMPATH/Autoloader/Autoloader.php(289): CodeIgniter\Autoloader\Autoloader->includeFile('/Users/absuur/Sites/Art27/art27_crm/app/Modules/Core/DataView/Libraries/DataViewConstructor.php')
 3 SYSTEMPATH/Autoloader/Autoloader.php(267): CodeIgniter\Autoloader\Autoloader->loadInNamespace('DataView\\Libraries\\DataViewConstructor')
 4 APPPATH/Modules/Management/Messagerie/Controllers/Messagerie.php(37): CodeIgniter\Autoloader\Autoloader->loadClass('DataView\\Libraries\\DataViewConstructor')
 5 APPPATH/Config/Services.php(123): Messagerie\Controllers\Messagerie->__construct()
 6 SYSTEMPATH/Config/BaseService.php(193): Config\Services::messagerie(false)
 7 APPPATH/Config/Services.php(120): CodeIgniter\Config\BaseService::getSharedInstance('messagerie')
 8 APPPATH/Modules/Core/Layout/Views/navbar.php(16): Config\Services::messagerie()
 9 SYSTEMPATH/View/View.php(213): include('/Users/absuur/Sites/Art27/art27_crm/app/Modules/Core/Layout/Views/navbar.php')
10 SYSTEMPATH/View/View.php(216): CodeIgniter\View\View->CodeIgniter\View\{closure}()
11 SYSTEMPATH/View/View.php(431): CodeIgniter\View\View->render('Layout\\navbar', null, true)
12 APPPATH/Modules/Core/Layout/Views/index.php(72): CodeIgniter\View\View->include('Layout\\navbar')
13 SYSTEMPATH/View/View.php(213): include('/Users/absuur/Sites/Art27/art27_crm/app/Modules/Core/Layout/Views/index.php')
14 SYSTEMPATH/View/View.php(216): CodeIgniter\View\View->CodeIgniter\View\{closure}()
15 SYSTEMPATH/View/View.php(229): CodeIgniter\View\View->render('Layout\\index', [], true)
16 SYSTEMPATH/Common.php(1184): CodeIgniter\View\View->render('Ticket\\list-ticket', [], true)
17 APPPATH/Modules/Management/Ticket/Controllers/Ticket.php(148): view('Ticket\\list-ticket', [...])
18 SYSTEMPATH/CodeIgniter.php(934): Ticket\Controllers\Ticket->listTicket()
19 SYSTEMPATH/CodeIgniter.php(499): CodeIgniter\CodeIgniter->runController(Object(Ticket\Controllers\Ticket))
20 SYSTEMPATH/CodeIgniter.php(368): CodeIgniter\CodeIgniter->handleRequest(null, Object(Config\Cache), false)
21 FCPATH/index.php(67): CodeIgniter\CodeIgniter->run()
INFO - 2023-12-05 15:02:12 --> Session: Class initialized using 'CodeIgniter\Session\Handlers\FileHandler' driver.
INFO - 2023-12-05 15:02:13 --> Session: Class initialized using 'CodeIgniter\Session\Handlers\FileHandler' driver.
INFO - 2023-12-05 15:19:27 --> Session: Class initialized using 'CodeIgniter\Session\Handlers\FileHandler' driver.
INFO - 2023-12-05 15:19:28 --> Session: Class initialized using 'CodeIgniter\Session\Handlers\FileHandler' driver.
INFO - 2023-12-05 15:19:32 --> Session: Class initialized using 'CodeIgniter\Session\Handlers\FileHandler' driver.
INFO - 2023-12-05 15:19:33 --> Session: Class initialized using 'CodeIgniter\Session\Handlers\FileHandler' driver.
WARNING - 2023-12-05 15:19:33 --> [DEPRECATED] Required parameter $id_onglet follows optional parameter $id_user in APPPATH/Modules/Management/Dashboard/Controllers/Dashboard.php on line 406.
 1 SYSTEMPATH/Autoloader/Autoloader.php(312): include_once()
 2 SYSTEMPATH/Autoloader/Autoloader.php(289): CodeIgniter\Autoloader\Autoloader->includeFile('/Users/absuur/Sites/Art27/art27_crm/app/Modules/Management/Dashboard/Controllers/Dashboard.php')
 3 SYSTEMPATH/Autoloader/Autoloader.php(267): CodeIgniter\Autoloader\Autoloader->loadInNamespace('Dashboard\\Controllers\\Dashboard')
 4 [internal function]: CodeIgniter\Autoloader\Autoloader->loadClass('Dashboard\\Controllers\\Dashboard')
 5 SYSTEMPATH/CodeIgniter.php(892): class_exists('\\Dashboard\\Controllers\\Dashboard', true)
 6 SYSTEMPATH/CodeIgniter.php(486): CodeIgniter\CodeIgniter->startController()
 7 SYSTEMPATH/CodeIgniter.php(368): CodeIgniter\CodeIgniter->handleRequest(null, Object(Config\Cache), false)
 8 FCPATH/index.php(67): CodeIgniter\CodeIgniter->run()
WARNING - 2023-12-05 15:19:34 --> [DEPRECATED] Required parameter $postData follows optional parameter $is_ajax in APPPATH/Modules/Management/Dashboard/Libraries/Ldashboard.php on line 224.
 1 SYSTEMPATH/Autoloader/Autoloader.php(312): include_once()
 2 SYSTEMPATH/Autoloader/Autoloader.php(289): CodeIgniter\Autoloader\Autoloader->includeFile('/Users/absuur/Sites/Art27/art27_crm/app/Modules/Management/Dashboard/Libraries/Ldashboard.php')
 3 SYSTEMPATH/Autoloader/Autoloader.php(267): CodeIgniter\Autoloader\Autoloader->loadInNamespace('Dashboard\\Libraries\\Ldashboard')
 4 APPPATH/Modules/Management/Dashboard/Controllers/Dashboard.php(41): CodeIgniter\Autoloader\Autoloader->loadClass('Dashboard\\Libraries\\Ldashboard')
 5 SYSTEMPATH/CodeIgniter.php(906): Dashboard\Controllers\Dashboard->__construct()
 6 SYSTEMPATH/CodeIgniter.php(490): CodeIgniter\CodeIgniter->createController()
 7 SYSTEMPATH/CodeIgniter.php(368): CodeIgniter\CodeIgniter->handleRequest(null, Object(Config\Cache), false)
 8 FCPATH/index.php(67): CodeIgniter\CodeIgniter->run()
WARNING - 2023-12-05 15:19:34 --> [DEPRECATED] Required parameter $id_name_entity follows optional parameter $id_entity in APPPATH/Modules/Core/DataView/Libraries/DataViewConstructor.php on line 475.
 1 SYSTEMPATH/Autoloader/Autoloader.php(312): include_once()
 2 SYSTEMPATH/Autoloader/Autoloader.php(289): CodeIgniter\Autoloader\Autoloader->includeFile('/Users/absuur/Sites/Art27/art27_crm/app/Modules/Core/DataView/Libraries/DataViewConstructor.php')
 3 SYSTEMPATH/Autoloader/Autoloader.php(267): CodeIgniter\Autoloader\Autoloader->loadInNamespace('DataView\\Libraries\\DataViewConstructor')
 4 APPPATH/Modules/Management/Messagerie/Controllers/Messagerie.php(37): CodeIgniter\Autoloader\Autoloader->loadClass('DataView\\Libraries\\DataViewConstructor')
 5 APPPATH/Config/Services.php(123): Messagerie\Controllers\Messagerie->__construct()
 6 SYSTEMPATH/Config/BaseService.php(193): Config\Services::messagerie(false)
 7 APPPATH/Config/Services.php(120): CodeIgniter\Config\BaseService::getSharedInstance('messagerie')
 8 APPPATH/Modules/Core/Layout/Views/navbar.php(16): Config\Services::messagerie()
 9 SYSTEMPATH/View/View.php(213): include('/Users/absuur/Sites/Art27/art27_crm/app/Modules/Core/Layout/Views/navbar.php')
10 SYSTEMPATH/View/View.php(216): CodeIgniter\View\View->CodeIgniter\View\{closure}()
11 SYSTEMPATH/View/View.php(431): CodeIgniter\View\View->render('Layout\\navbar', null, true)
12 APPPATH/Modules/Core/Layout/Views/index.php(72): CodeIgniter\View\View->include('Layout\\navbar')
13 SYSTEMPATH/View/View.php(213): include('/Users/absuur/Sites/Art27/art27_crm/app/Modules/Core/Layout/Views/index.php')
14 SYSTEMPATH/View/View.php(216): CodeIgniter\View\View->CodeIgniter\View\{closure}()
15 SYSTEMPATH/View/View.php(229): CodeIgniter\View\View->render('Layout\\index', [], true)
16 SYSTEMPATH/Common.php(1184): CodeIgniter\View\View->render('Dashboard\\Views\\/dashboard_dynamique', [], true)
17 APPPATH/Modules/Management/Dashboard/Controllers/Dashboard.php(75): view('Dashboard\\Views\\/dashboard_dynamique', [...])
18 SYSTEMPATH/CodeIgniter.php(934): Dashboard\Controllers\Dashboard->index()
19 SYSTEMPATH/CodeIgniter.php(499): CodeIgniter\CodeIgniter->runController(Object(Dashboard\Controllers\Dashboard))
20 SYSTEMPATH/CodeIgniter.php(368): CodeIgniter\CodeIgniter->handleRequest(null, Object(Config\Cache), false)
21 FCPATH/index.php(67): CodeIgniter\CodeIgniter->run()
INFO - 2023-12-05 15:19:36 --> Session: Class initialized using 'CodeIgniter\Session\Handlers\FileHandler' driver.
WARNING - 2023-12-05 15:19:36 --> [DEPRECATED] Required parameter $id_name_entity follows optional parameter $id_entity in APPPATH/Modules/Core/DataView/Libraries/DataViewConstructor.php on line 475.
 1 SYSTEMPATH/Autoloader/Autoloader.php(312): include_once()
 2 SYSTEMPATH/Autoloader/Autoloader.php(289): CodeIgniter\Autoloader\Autoloader->includeFile('/Users/absuur/Sites/Art27/art27_crm/app/Modules/Core/DataView/Libraries/DataViewConstructor.php')
 3 SYSTEMPATH/Autoloader/Autoloader.php(267): CodeIgniter\Autoloader\Autoloader->loadInNamespace('DataView\\Libraries\\DataViewConstructor')
 4 APPPATH/Modules/Management/Messagerie/Controllers/Messagerie.php(37): CodeIgniter\Autoloader\Autoloader->loadClass('DataView\\Libraries\\DataViewConstructor')
 5 APPPATH/Config/Services.php(123): Messagerie\Controllers\Messagerie->__construct()
 6 SYSTEMPATH/Config/BaseService.php(193): Config\Services::messagerie(false)
 7 APPPATH/Config/Services.php(120): CodeIgniter\Config\BaseService::getSharedInstance('messagerie')
 8 APPPATH/Modules/Core/Layout/Views/navbar.php(16): Config\Services::messagerie()
 9 SYSTEMPATH/View/View.php(213): include('/Users/absuur/Sites/Art27/art27_crm/app/Modules/Core/Layout/Views/navbar.php')
10 SYSTEMPATH/View/View.php(216): CodeIgniter\View\View->CodeIgniter\View\{closure}()
11 SYSTEMPATH/View/View.php(431): CodeIgniter\View\View->render('Layout\\navbar', null, true)
12 APPPATH/Modules/Core/Layout/Views/index.php(72): CodeIgniter\View\View->include('Layout\\navbar')
13 SYSTEMPATH/View/View.php(213): include('/Users/absuur/Sites/Art27/art27_crm/app/Modules/Core/Layout/Views/index.php')
14 SYSTEMPATH/View/View.php(216): CodeIgniter\View\View->CodeIgniter\View\{closure}()
15 SYSTEMPATH/View/View.php(229): CodeIgniter\View\View->render('Layout\\index', [], true)
16 SYSTEMPATH/Common.php(1184): CodeIgniter\View\View->render('Dashboard_default\\Views\\/dashboard_default', [], true)
17 APPPATH/Modules/Management/Dashboard_default/Controllers/Dashboard_default.php(40): view('Dashboard_default\\Views\\/dashboard_default', [...])
18 SYSTEMPATH/CodeIgniter.php(934): Dashboard_default\Controllers\Dashboard_default->index()
19 SYSTEMPATH/CodeIgniter.php(499): CodeIgniter\CodeIgniter->runController(Object(Dashboard_default\Controllers\Dashboard_default))
20 SYSTEMPATH/CodeIgniter.php(368): CodeIgniter\CodeIgniter->handleRequest(null, Object(Config\Cache), false)
21 FCPATH/index.php(67): CodeIgniter\CodeIgniter->run()
INFO - 2023-12-05 15:19:52 --> Session: Class initialized using 'CodeIgniter\Session\Handlers\FileHandler' driver.
WARNING - 2023-12-05 15:19:52 --> [DEPRECATED] Required parameter $id_name_entity follows optional parameter $id_entity in APPPATH/Modules/Core/DataView/Libraries/DataViewConstructor.php on line 475.
 1 SYSTEMPATH/Autoloader/Autoloader.php(312): include_once()
 2 SYSTEMPATH/Autoloader/Autoloader.php(289): CodeIgniter\Autoloader\Autoloader->includeFile('/Users/absuur/Sites/Art27/art27_crm/app/Modules/Core/DataView/Libraries/DataViewConstructor.php')
 3 SYSTEMPATH/Autoloader/Autoloader.php(267): CodeIgniter\Autoloader\Autoloader->loadInNamespace('DataView\\Libraries\\DataViewConstructor')
 4 APPPATH/Modules/Management/Partenaire_social/Models/Partenaire_socialModel.php(32): CodeIgniter\Autoloader\Autoloader->loadClass('DataView\\Libraries\\DataViewConstructor')
 5 APPPATH/Modules/Management/Partenaire_social/Controllers/Partenaire_social.php(53): Partenaire_social\Models\Partenaire_socialModel->__construct()
 6 SYSTEMPATH/CodeIgniter.php(906): Partenaire_social\Controllers\Partenaire_social->__construct()
 7 SYSTEMPATH/CodeIgniter.php(490): CodeIgniter\CodeIgniter->createController()
 8 SYSTEMPATH/CodeIgniter.php(368): CodeIgniter\CodeIgniter->handleRequest(null, Object(Config\Cache), false)
 9 FCPATH/index.php(67): CodeIgniter\CodeIgniter->run()
WARNING - 2023-12-05 15:19:52 --> [DEPRECATED] Required parameter $request follows optional parameter $id_partenaire_social in APPPATH/Modules/Management/Barcode/Models/List_BarCodeModel.php on line 18.
 1 SYSTEMPATH/Autoloader/Autoloader.php(312): include_once()
 2 SYSTEMPATH/Autoloader/Autoloader.php(289): CodeIgniter\Autoloader\Autoloader->includeFile('/Users/absuur/Sites/Art27/art27_crm/app/Modules/Management/Barcode/Models/List_BarCodeModel.php')
 3 SYSTEMPATH/Autoloader/Autoloader.php(267): CodeIgniter\Autoloader\Autoloader->loadInNamespace('Barcode\\Models\\List_BarCodeModel')
 4 APPPATH/Modules/Management/Partenaire_social/Controllers/Partenaire_social.php(54): CodeIgniter\Autoloader\Autoloader->loadClass('Barcode\\Models\\List_BarCodeModel')
 5 SYSTEMPATH/CodeIgniter.php(906): Partenaire_social\Controllers\Partenaire_social->__construct()
 6 SYSTEMPATH/CodeIgniter.php(490): CodeIgniter\CodeIgniter->createController()
 7 SYSTEMPATH/CodeIgniter.php(368): CodeIgniter\CodeIgniter->handleRequest(null, Object(Config\Cache), false)
 8 FCPATH/index.php(67): CodeIgniter\CodeIgniter->run()
INFO - 2023-12-05 15:19:57 --> Session: Class initialized using 'CodeIgniter\Session\Handlers\FileHandler' driver.
WARNING - 2023-12-05 15:19:57 --> [DEPRECATED] Required parameter $id_name_entity follows optional parameter $id_entity in APPPATH/Modules/Core/DataView/Libraries/DataViewConstructor.php on line 475.
 1 SYSTEMPATH/Autoloader/Autoloader.php(312): include_once()
 2 SYSTEMPATH/Autoloader/Autoloader.php(289): CodeIgniter\Autoloader\Autoloader->includeFile('/Users/absuur/Sites/Art27/art27_crm/app/Modules/Core/DataView/Libraries/DataViewConstructor.php')
 3 SYSTEMPATH/Autoloader/Autoloader.php(267): CodeIgniter\Autoloader\Autoloader->loadInNamespace('DataView\\Libraries\\DataViewConstructor')
 4 APPPATH/Modules/Management/Partenaire_social/Models/Partenaire_socialModel.php(32): CodeIgniter\Autoloader\Autoloader->loadClass('DataView\\Libraries\\DataViewConstructor')
 5 APPPATH/Modules/Management/Partenaire_social/Controllers/Partenaire_social.php(53): Partenaire_social\Models\Partenaire_socialModel->__construct()
 6 SYSTEMPATH/CodeIgniter.php(906): Partenaire_social\Controllers\Partenaire_social->__construct()
 7 SYSTEMPATH/CodeIgniter.php(490): CodeIgniter\CodeIgniter->createController()
 8 SYSTEMPATH/CodeIgniter.php(368): CodeIgniter\CodeIgniter->handleRequest(null, Object(Config\Cache), false)
 9 FCPATH/index.php(67): CodeIgniter\CodeIgniter->run()
WARNING - 2023-12-05 15:19:57 --> [DEPRECATED] Required parameter $request follows optional parameter $id_partenaire_social in APPPATH/Modules/Management/Barcode/Models/List_BarCodeModel.php on line 18.
 1 SYSTEMPATH/Autoloader/Autoloader.php(312): include_once()
 2 SYSTEMPATH/Autoloader/Autoloader.php(289): CodeIgniter\Autoloader\Autoloader->includeFile('/Users/absuur/Sites/Art27/art27_crm/app/Modules/Management/Barcode/Models/List_BarCodeModel.php')
 3 SYSTEMPATH/Autoloader/Autoloader.php(267): CodeIgniter\Autoloader\Autoloader->loadInNamespace('Barcode\\Models\\List_BarCodeModel')
 4 APPPATH/Modules/Management/Partenaire_social/Controllers/Partenaire_social.php(54): CodeIgniter\Autoloader\Autoloader->loadClass('Barcode\\Models\\List_BarCodeModel')
 5 SYSTEMPATH/CodeIgniter.php(906): Partenaire_social\Controllers\Partenaire_social->__construct()
 6 SYSTEMPATH/CodeIgniter.php(490): CodeIgniter\CodeIgniter->createController()
 7 SYSTEMPATH/CodeIgniter.php(368): CodeIgniter\CodeIgniter->handleRequest(null, Object(Config\Cache), false)
 8 FCPATH/index.php(67): CodeIgniter\CodeIgniter->run()
INFO - 2023-12-05 15:20:02 --> Session: Class initialized using 'CodeIgniter\Session\Handlers\FileHandler' driver.
WARNING - 2023-12-05 15:20:02 --> [DEPRECATED] Required parameter $id_name_entity follows optional parameter $id_entity in APPPATH/Modules/Core/DataView/Libraries/DataViewConstructor.php on line 475.
 1 SYSTEMPATH/Autoloader/Autoloader.php(312): include_once()
 2 SYSTEMPATH/Autoloader/Autoloader.php(289): CodeIgniter\Autoloader\Autoloader->includeFile('/Users/absuur/Sites/Art27/art27_crm/app/Modules/Core/DataView/Libraries/DataViewConstructor.php')
 3 SYSTEMPATH/Autoloader/Autoloader.php(267): CodeIgniter\Autoloader\Autoloader->loadInNamespace('DataView\\Libraries\\DataViewConstructor')
 4 APPPATH/Modules/Management/Partenaire_social/Models/Partenaire_socialModel.php(32): CodeIgniter\Autoloader\Autoloader->loadClass('DataView\\Libraries\\DataViewConstructor')
 5 APPPATH/Modules/Management/Partenaire_social/Controllers/Partenaire_social.php(53): Partenaire_social\Models\Partenaire_socialModel->__construct()
 6 SYSTEMPATH/CodeIgniter.php(906): Partenaire_social\Controllers\Partenaire_social->__construct()
 7 SYSTEMPATH/CodeIgniter.php(490): CodeIgniter\CodeIgniter->createController()
 8 SYSTEMPATH/CodeIgniter.php(368): CodeIgniter\CodeIgniter->handleRequest(null, Object(Config\Cache), false)
 9 FCPATH/index.php(67): CodeIgniter\CodeIgniter->run()
WARNING - 2023-12-05 15:20:02 --> [DEPRECATED] Required parameter $request follows optional parameter $id_partenaire_social in APPPATH/Modules/Management/Barcode/Models/List_BarCodeModel.php on line 18.
 1 SYSTEMPATH/Autoloader/Autoloader.php(312): include_once()
 2 SYSTEMPATH/Autoloader/Autoloader.php(289): CodeIgniter\Autoloader\Autoloader->includeFile('/Users/absuur/Sites/Art27/art27_crm/app/Modules/Management/Barcode/Models/List_BarCodeModel.php')
 3 SYSTEMPATH/Autoloader/Autoloader.php(267): CodeIgniter\Autoloader\Autoloader->loadInNamespace('Barcode\\Models\\List_BarCodeModel')
 4 APPPATH/Modules/Management/Partenaire_social/Controllers/Partenaire_social.php(54): CodeIgniter\Autoloader\Autoloader->loadClass('Barcode\\Models\\List_BarCodeModel')
 5 SYSTEMPATH/CodeIgniter.php(906): Partenaire_social\Controllers\Partenaire_social->__construct()
 6 SYSTEMPATH/CodeIgniter.php(490): CodeIgniter\CodeIgniter->createController()
 7 SYSTEMPATH/CodeIgniter.php(368): CodeIgniter\CodeIgniter->handleRequest(null, Object(Config\Cache), false)
 8 FCPATH/index.php(67): CodeIgniter\CodeIgniter->run()
INFO - 2023-12-05 15:20:05 --> Session: Class initialized using 'CodeIgniter\Session\Handlers\FileHandler' driver.
WARNING - 2023-12-05 15:20:06 --> [DEPRECATED] Required parameter $id_name_entity follows optional parameter $id_entity in APPPATH/Modules/Core/DataView/Libraries/DataViewConstructor.php on line 475.
 1 SYSTEMPATH/Autoloader/Autoloader.php(312): include_once()
 2 SYSTEMPATH/Autoloader/Autoloader.php(289): CodeIgniter\Autoloader\Autoloader->includeFile('/Users/absuur/Sites/Art27/art27_crm/app/Modules/Core/DataView/Libraries/DataViewConstructor.php')
 3 SYSTEMPATH/Autoloader/Autoloader.php(267): CodeIgniter\Autoloader\Autoloader->loadInNamespace('DataView\\Libraries\\DataViewConstructor')
 4 APPPATH/Modules/Management/Partenaire_social/Models/Partenaire_socialModel.php(32): CodeIgniter\Autoloader\Autoloader->loadClass('DataView\\Libraries\\DataViewConstructor')
 5 APPPATH/Modules/Management/Partenaire_social/Controllers/Partenaire_social.php(53): Partenaire_social\Models\Partenaire_socialModel->__construct()
 6 SYSTEMPATH/CodeIgniter.php(906): Partenaire_social\Controllers\Partenaire_social->__construct()
 7 SYSTEMPATH/CodeIgniter.php(490): CodeIgniter\CodeIgniter->createController()
 8 SYSTEMPATH/CodeIgniter.php(368): CodeIgniter\CodeIgniter->handleRequest(null, Object(Config\Cache), false)
 9 FCPATH/index.php(67): CodeIgniter\CodeIgniter->run()
WARNING - 2023-12-05 15:20:06 --> [DEPRECATED] Required parameter $request follows optional parameter $id_partenaire_social in APPPATH/Modules/Management/Barcode/Models/List_BarCodeModel.php on line 18.
 1 SYSTEMPATH/Autoloader/Autoloader.php(312): include_once()
 2 SYSTEMPATH/Autoloader/Autoloader.php(289): CodeIgniter\Autoloader\Autoloader->includeFile('/Users/absuur/Sites/Art27/art27_crm/app/Modules/Management/Barcode/Models/List_BarCodeModel.php')
 3 SYSTEMPATH/Autoloader/Autoloader.php(267): CodeIgniter\Autoloader\Autoloader->loadInNamespace('Barcode\\Models\\List_BarCodeModel')
 4 APPPATH/Modules/Management/Partenaire_social/Controllers/Partenaire_social.php(54): CodeIgniter\Autoloader\Autoloader->loadClass('Barcode\\Models\\List_BarCodeModel')
 5 SYSTEMPATH/CodeIgniter.php(906): Partenaire_social\Controllers\Partenaire_social->__construct()
 6 SYSTEMPATH/CodeIgniter.php(490): CodeIgniter\CodeIgniter->createController()
 7 SYSTEMPATH/CodeIgniter.php(368): CodeIgniter\CodeIgniter->handleRequest(null, Object(Config\Cache), false)
 8 FCPATH/index.php(67): CodeIgniter\CodeIgniter->run()
INFO - 2023-12-05 15:21:01 --> Session: Class initialized using 'CodeIgniter\Session\Handlers\FileHandler' driver.
WARNING - 2023-12-05 15:21:01 --> [DEPRECATED] Required parameter $id_name_entity follows optional parameter $id_entity in APPPATH/Modules/Core/DataView/Libraries/DataViewConstructor.php on line 475.
 1 SYSTEMPATH/Autoloader/Autoloader.php(312): include_once()
 2 SYSTEMPATH/Autoloader/Autoloader.php(289): CodeIgniter\Autoloader\Autoloader->includeFile('/Users/absuur/Sites/Art27/art27_crm/app/Modules/Core/DataView/Libraries/DataViewConstructor.php')
 3 SYSTEMPATH/Autoloader/Autoloader.php(267): CodeIgniter\Autoloader\Autoloader->loadInNamespace('DataView\\Libraries\\DataViewConstructor')
 4 APPPATH/Modules/Management/Partenaire_social/Models/Partenaire_socialModel.php(32): CodeIgniter\Autoloader\Autoloader->loadClass('DataView\\Libraries\\DataViewConstructor')
 5 APPPATH/Modules/Management/Partenaire_social/Controllers/Partenaire_social.php(53): Partenaire_social\Models\Partenaire_socialModel->__construct()
 6 SYSTEMPATH/CodeIgniter.php(906): Partenaire_social\Controllers\Partenaire_social->__construct()
 7 SYSTEMPATH/CodeIgniter.php(490): CodeIgniter\CodeIgniter->createController()
 8 SYSTEMPATH/CodeIgniter.php(368): CodeIgniter\CodeIgniter->handleRequest(null, Object(Config\Cache), false)
 9 FCPATH/index.php(67): CodeIgniter\CodeIgniter->run()
WARNING - 2023-12-05 15:21:01 --> [DEPRECATED] Required parameter $request follows optional parameter $id_partenaire_social in APPPATH/Modules/Management/Barcode/Models/List_BarCodeModel.php on line 18.
 1 SYSTEMPATH/Autoloader/Autoloader.php(312): include_once()
 2 SYSTEMPATH/Autoloader/Autoloader.php(289): CodeIgniter\Autoloader\Autoloader->includeFile('/Users/absuur/Sites/Art27/art27_crm/app/Modules/Management/Barcode/Models/List_BarCodeModel.php')
 3 SYSTEMPATH/Autoloader/Autoloader.php(267): CodeIgniter\Autoloader\Autoloader->loadInNamespace('Barcode\\Models\\List_BarCodeModel')
 4 APPPATH/Modules/Management/Partenaire_social/Controllers/Partenaire_social.php(54): CodeIgniter\Autoloader\Autoloader->loadClass('Barcode\\Models\\List_BarCodeModel')
 5 SYSTEMPATH/CodeIgniter.php(906): Partenaire_social\Controllers\Partenaire_social->__construct()
 6 SYSTEMPATH/CodeIgniter.php(490): CodeIgniter\CodeIgniter->createController()
 7 SYSTEMPATH/CodeIgniter.php(368): CodeIgniter\CodeIgniter->handleRequest(null, Object(Config\Cache), false)
 8 FCPATH/index.php(67): CodeIgniter\CodeIgniter->run()
INFO - 2023-12-05 15:58:08 --> Session: Class initialized using 'CodeIgniter\Session\Handlers\FileHandler' driver.
ERROR - 2023-12-05 15:58:09 --> Error connecting to the database: mysqli_sql_exception: Access denied for user 'root'@'localhost' (using password: NO) in /Users/absuur/Sites/Art27/art27_crm/vendor/codeigniter4/framework/system/Database/MySQLi/Connection.php:174
Stack trace:
#0 /Users/absuur/Sites/Art27/art27_crm/vendor/codeigniter4/framework/system/Database/MySQLi/Connection.php(174): mysqli->real_connect('localhost', 'root', '', 'art27_crm', 3306, '', 0)
#1 /Users/absuur/Sites/Art27/art27_crm/vendor/codeigniter4/framework/system/Database/BaseConnection.php(391): CodeIgniter\Database\MySQLi\Connection->connect(false)
#2 /Users/absuur/Sites/Art27/art27_crm/vendor/codeigniter4/framework/system/Database/BaseConnection.php(574): CodeIgniter\Database\BaseConnection->initialize()
#3 /Users/absuur/Sites/Art27/art27_crm/vendor/codeigniter4/framework/system/Database/MySQLi/Connection.php(411): CodeIgniter\Database\BaseConnection->query('SHOW COLUMNS FR...')
#4 /Users/absuur/Sites/Art27/art27_crm/vendor/codeigniter4/framework/system/Database/BaseConnection.php(1523): CodeIgniter\Database\MySQLi\Connection->_fieldData('`user_autorisat...')
#5 /Users/absuur/Sites/Art27/art27_crm/app/Modules/Core/Components/Helpers/database_helper.php(130): CodeIgniter\Database\BaseConnection->getFieldData('user_autorisati...')
#6 /Users/absuur/Sites/Art27/art27_crm/app/Modules/Core/Autorisation/Models/AutorisationModel.php(18): get_primary_key('user_autorisati...')
#7 /Users/absuur/Sites/Art27/art27_crm/app/Modules/Core/Autorisation/Libraries/AutorisationLibrary.php(14): Autorisation\Models\AutorisationModel->__construct()
#8 /Users/absuur/Sites/Art27/art27_crm/app/Modules/Core/Base/Controllers/BaseController.php(41): Autorisation\Libraries\AutorisationLibrary->__construct()
#9 /Users/absuur/Sites/Art27/art27_crm/vendor/codeigniter4/framework/system/CodeIgniter.php(906): Base\Controllers\BaseController->__construct()
#10 /Users/absuur/Sites/Art27/art27_crm/vendor/codeigniter4/framework/system/CodeIgniter.php(490): CodeIgniter\CodeIgniter->createController()
#11 /Users/absuur/Sites/Art27/art27_crm/vendor/codeigniter4/framework/system/CodeIgniter.php(368): CodeIgniter\CodeIgniter->handleRequest(NULL, Object(Config\Cache), false)
#12 /Users/absuur/Sites/Art27/art27_crm/public/index.php(67): CodeIgniter\CodeIgniter->run()
#13 {main}

Next CodeIgniter\Database\Exceptions\DatabaseException: Access denied for user '****'@'localhost' (using password: NO) in /Users/absuur/Sites/Art27/art27_crm/vendor/codeigniter4/framework/system/Database/MySQLi/Connection.php:218
Stack trace:
#0 /Users/absuur/Sites/Art27/art27_crm/vendor/codeigniter4/framework/system/Database/BaseConnection.php(391): CodeIgniter\Database\MySQLi\Connection->connect(false)
#1 /Users/absuur/Sites/Art27/art27_crm/vendor/codeigniter4/framework/system/Database/BaseConnection.php(574): CodeIgniter\Database\BaseConnection->initialize()
#2 /Users/absuur/Sites/Art27/art27_crm/vendor/codeigniter4/framework/system/Database/MySQLi/Connection.php(411): CodeIgniter\Database\BaseConnection->query('SHOW COLUMNS FR...')
#3 /Users/absuur/Sites/Art27/art27_crm/vendor/codeigniter4/framework/system/Database/BaseConnection.php(1523): CodeIgniter\Database\MySQLi\Connection->_fieldData('`user_autorisat...')
#4 /Users/absuur/Sites/Art27/art27_crm/app/Modules/Core/Components/Helpers/database_helper.php(130): CodeIgniter\Database\BaseConnection->getFieldData('user_autorisati...')
#5 /Users/absuur/Sites/Art27/art27_crm/app/Modules/Core/Autorisation/Models/AutorisationModel.php(18): get_primary_key('user_autorisati...')
#6 /Users/absuur/Sites/Art27/art27_crm/app/Modules/Core/Autorisation/Libraries/AutorisationLibrary.php(14): Autorisation\Models\AutorisationModel->__construct()
#7 /Users/absuur/Sites/Art27/art27_crm/app/Modules/Core/Base/Controllers/BaseController.php(41): Autorisation\Libraries\AutorisationLibrary->__construct()
#8 /Users/absuur/Sites/Art27/art27_crm/vendor/codeigniter4/framework/system/CodeIgniter.php(906): Base\Controllers\BaseController->__construct()
#9 /Users/absuur/Sites/Art27/art27_crm/vendor/codeigniter4/framework/system/CodeIgniter.php(490): CodeIgniter\CodeIgniter->createController()
#10 /Users/absuur/Sites/Art27/art27_crm/vendor/codeigniter4/framework/system/CodeIgniter.php(368): CodeIgniter\CodeIgniter->handleRequest(NULL, Object(Config\Cache), false)
#11 /Users/absuur/Sites/Art27/art27_crm/public/index.php(67): CodeIgniter\CodeIgniter->run()
#12 {main}
CRITICAL - 2023-12-05 15:58:09 --> Unable to connect to the database.
Main connection [MySQLi]: Access denied for user '****'@'localhost' (using password: NO)
in SYSTEMPATH/Database/BaseConnection.php on line 427.
 1 SYSTEMPATH/Database/BaseConnection.php(574): CodeIgniter\Database\BaseConnection->initialize()
 2 SYSTEMPATH/Database/MySQLi/Connection.php(411): CodeIgniter\Database\BaseConnection->query('SHOW COLUMNS FROM `user_autorisation`')
 3 SYSTEMPATH/Database/BaseConnection.php(1523): CodeIgniter\Database\MySQLi\Connection->_fieldData('`user_autorisation`')
 4 APPPATH/Modules/Core/Components/Helpers/database_helper.php(130): CodeIgniter\Database\BaseConnection->getFieldData('user_autorisation')
 5 APPPATH/Modules/Core/Autorisation/Models/AutorisationModel.php(18): get_primary_key('user_autorisation')
 6 APPPATH/Modules/Core/Autorisation/Libraries/AutorisationLibrary.php(14): Autorisation\Models\AutorisationModel->__construct()
 7 APPPATH/Modules/Core/Base/Controllers/BaseController.php(41): Autorisation\Libraries\AutorisationLibrary->__construct()
 8 SYSTEMPATH/CodeIgniter.php(906): Base\Controllers\BaseController->__construct()
 9 SYSTEMPATH/CodeIgniter.php(490): CodeIgniter\CodeIgniter->createController()
10 SYSTEMPATH/CodeIgniter.php(368): CodeIgniter\CodeIgniter->handleRequest(null, Object(Config\Cache), false)
11 FCPATH/index.php(67): CodeIgniter\CodeIgniter->run()
INFO - 2023-12-05 15:59:17 --> Session: Class initialized using 'CodeIgniter\Session\Handlers\FileHandler' driver.
INFO - 2023-12-05 15:59:19 --> Session: Class initialized using 'CodeIgniter\Session\Handlers\FileHandler' driver.
WARNING - 2023-12-05 15:59:19 --> [DEPRECATED] Required parameter $id_onglet follows optional parameter $id_user in APPPATH/Modules/Management/Dashboard/Controllers/Dashboard.php on line 406.
 1 SYSTEMPATH/Autoloader/Autoloader.php(312): include_once()
 2 SYSTEMPATH/Autoloader/Autoloader.php(289): CodeIgniter\Autoloader\Autoloader->includeFile('/Users/absuur/Sites/Art27/art27_crm/app/Modules/Management/Dashboard/Controllers/Dashboard.php')
 3 SYSTEMPATH/Autoloader/Autoloader.php(267): CodeIgniter\Autoloader\Autoloader->loadInNamespace('Dashboard\\Controllers\\Dashboard')
 4 [internal function]: CodeIgniter\Autoloader\Autoloader->loadClass('Dashboard\\Controllers\\Dashboard')
 5 SYSTEMPATH/CodeIgniter.php(892): class_exists('\\Dashboard\\Controllers\\Dashboard', true)
 6 SYSTEMPATH/CodeIgniter.php(486): CodeIgniter\CodeIgniter->startController()
 7 SYSTEMPATH/CodeIgniter.php(368): CodeIgniter\CodeIgniter->handleRequest(null, Object(Config\Cache), false)
 8 FCPATH/index.php(67): CodeIgniter\CodeIgniter->run()
WARNING - 2023-12-05 15:59:19 --> [DEPRECATED] Required parameter $postData follows optional parameter $is_ajax in APPPATH/Modules/Management/Dashboard/Libraries/Ldashboard.php on line 224.
 1 SYSTEMPATH/Autoloader/Autoloader.php(312): include_once()
 2 SYSTEMPATH/Autoloader/Autoloader.php(289): CodeIgniter\Autoloader\Autoloader->includeFile('/Users/absuur/Sites/Art27/art27_crm/app/Modules/Management/Dashboard/Libraries/Ldashboard.php')
 3 SYSTEMPATH/Autoloader/Autoloader.php(267): CodeIgniter\Autoloader\Autoloader->loadInNamespace('Dashboard\\Libraries\\Ldashboard')
 4 APPPATH/Modules/Management/Dashboard/Controllers/Dashboard.php(41): CodeIgniter\Autoloader\Autoloader->loadClass('Dashboard\\Libraries\\Ldashboard')
 5 SYSTEMPATH/CodeIgniter.php(906): Dashboard\Controllers\Dashboard->__construct()
 6 SYSTEMPATH/CodeIgniter.php(490): CodeIgniter\CodeIgniter->createController()
 7 SYSTEMPATH/CodeIgniter.php(368): CodeIgniter\CodeIgniter->handleRequest(null, Object(Config\Cache), false)
 8 FCPATH/index.php(67): CodeIgniter\CodeIgniter->run()
WARNING - 2023-12-05 15:59:19 --> [DEPRECATED] Required parameter $id_name_entity follows optional parameter $id_entity in APPPATH/Modules/Core/DataView/Libraries/DataViewConstructor.php on line 475.
 1 SYSTEMPATH/Autoloader/Autoloader.php(312): include_once()
 2 SYSTEMPATH/Autoloader/Autoloader.php(289): CodeIgniter\Autoloader\Autoloader->includeFile('/Users/absuur/Sites/Art27/art27_crm/app/Modules/Core/DataView/Libraries/DataViewConstructor.php')
 3 SYSTEMPATH/Autoloader/Autoloader.php(267): CodeIgniter\Autoloader\Autoloader->loadInNamespace('DataView\\Libraries\\DataViewConstructor')
 4 APPPATH/Modules/Management/Messagerie/Controllers/Messagerie.php(37): CodeIgniter\Autoloader\Autoloader->loadClass('DataView\\Libraries\\DataViewConstructor')
 5 APPPATH/Config/Services.php(123): Messagerie\Controllers\Messagerie->__construct()
 6 SYSTEMPATH/Config/BaseService.php(193): Config\Services::messagerie(false)
 7 APPPATH/Config/Services.php(120): CodeIgniter\Config\BaseService::getSharedInstance('messagerie')
 8 APPPATH/Modules/Core/Layout/Views/navbar.php(16): Config\Services::messagerie()
 9 SYSTEMPATH/View/View.php(213): include('/Users/absuur/Sites/Art27/art27_crm/app/Modules/Core/Layout/Views/navbar.php')
10 SYSTEMPATH/View/View.php(216): CodeIgniter\View\View->CodeIgniter\View\{closure}()
11 SYSTEMPATH/View/View.php(431): CodeIgniter\View\View->render('Layout\\navbar', null, true)
12 APPPATH/Modules/Core/Layout/Views/index.php(72): CodeIgniter\View\View->include('Layout\\navbar')
13 SYSTEMPATH/View/View.php(213): include('/Users/absuur/Sites/Art27/art27_crm/app/Modules/Core/Layout/Views/index.php')
14 SYSTEMPATH/View/View.php(216): CodeIgniter\View\View->CodeIgniter\View\{closure}()
15 SYSTEMPATH/View/View.php(229): CodeIgniter\View\View->render('Layout\\index', [], true)
16 SYSTEMPATH/Common.php(1184): CodeIgniter\View\View->render('Dashboard\\Views\\/dashboard_dynamique', [], true)
17 APPPATH/Modules/Management/Dashboard/Controllers/Dashboard.php(75): view('Dashboard\\Views\\/dashboard_dynamique', [...])
18 SYSTEMPATH/CodeIgniter.php(934): Dashboard\Controllers\Dashboard->index()
19 SYSTEMPATH/CodeIgniter.php(499): CodeIgniter\CodeIgniter->runController(Object(Dashboard\Controllers\Dashboard))
20 SYSTEMPATH/CodeIgniter.php(368): CodeIgniter\CodeIgniter->handleRequest(null, Object(Config\Cache), false)
21 FCPATH/index.php(67): CodeIgniter\CodeIgniter->run()
INFO - 2023-12-05 15:59:20 --> Session: Class initialized using 'CodeIgniter\Session\Handlers\FileHandler' driver.
WARNING - 2023-12-05 15:59:20 --> [DEPRECATED] Required parameter $id_name_entity follows optional parameter $id_entity in APPPATH/Modules/Core/DataView/Libraries/DataViewConstructor.php on line 475.
 1 SYSTEMPATH/Autoloader/Autoloader.php(312): include_once()
 2 SYSTEMPATH/Autoloader/Autoloader.php(289): CodeIgniter\Autoloader\Autoloader->includeFile('/Users/absuur/Sites/Art27/art27_crm/app/Modules/Core/DataView/Libraries/DataViewConstructor.php')
 3 SYSTEMPATH/Autoloader/Autoloader.php(267): CodeIgniter\Autoloader\Autoloader->loadInNamespace('DataView\\Libraries\\DataViewConstructor')
 4 APPPATH/Modules/Management/Messagerie/Controllers/Messagerie.php(37): CodeIgniter\Autoloader\Autoloader->loadClass('DataView\\Libraries\\DataViewConstructor')
 5 APPPATH/Config/Services.php(123): Messagerie\Controllers\Messagerie->__construct()
 6 SYSTEMPATH/Config/BaseService.php(193): Config\Services::messagerie(false)
 7 APPPATH/Config/Services.php(120): CodeIgniter\Config\BaseService::getSharedInstance('messagerie')
 8 APPPATH/Modules/Core/Layout/Views/navbar.php(16): Config\Services::messagerie()
 9 SYSTEMPATH/View/View.php(213): include('/Users/absuur/Sites/Art27/art27_crm/app/Modules/Core/Layout/Views/navbar.php')
10 SYSTEMPATH/View/View.php(216): CodeIgniter\View\View->CodeIgniter\View\{closure}()
11 SYSTEMPATH/View/View.php(431): CodeIgniter\View\View->render('Layout\\navbar', null, true)
12 APPPATH/Modules/Core/Layout/Views/index.php(72): CodeIgniter\View\View->include('Layout\\navbar')
13 SYSTEMPATH/View/View.php(213): include('/Users/absuur/Sites/Art27/art27_crm/app/Modules/Core/Layout/Views/index.php')
14 SYSTEMPATH/View/View.php(216): CodeIgniter\View\View->CodeIgniter\View\{closure}()
15 SYSTEMPATH/View/View.php(229): CodeIgniter\View\View->render('Layout\\index', [], true)
16 SYSTEMPATH/Common.php(1184): CodeIgniter\View\View->render('Dashboard_default\\Views\\/dashboard_default', [], true)
17 APPPATH/Modules/Management/Dashboard_default/Controllers/Dashboard_default.php(40): view('Dashboard_default\\Views\\/dashboard_default', [...])
18 SYSTEMPATH/CodeIgniter.php(934): Dashboard_default\Controllers\Dashboard_default->index()
19 SYSTEMPATH/CodeIgniter.php(499): CodeIgniter\CodeIgniter->runController(Object(Dashboard_default\Controllers\Dashboard_default))
20 SYSTEMPATH/CodeIgniter.php(368): CodeIgniter\CodeIgniter->handleRequest(null, Object(Config\Cache), false)
21 FCPATH/index.php(67): CodeIgniter\CodeIgniter->run()
INFO - 2023-12-05 15:59:26 --> Session: Class initialized using 'CodeIgniter\Session\Handlers\FileHandler' driver.
INFO - 2023-12-05 15:59:27 --> Session: Class initialized using 'CodeIgniter\Session\Handlers\FileHandler' driver.
INFO - 2023-12-05 15:59:40 --> Session: Class initialized using 'CodeIgniter\Session\Handlers\FileHandler' driver.
INFO - 2023-12-05 15:59:42 --> Session: Class initialized using 'CodeIgniter\Session\Handlers\FileHandler' driver.
INFO - 2023-12-05 15:59:43 --> Session: Class initialized using 'CodeIgniter\Session\Handlers\FileHandler' driver.
WARNING - 2023-12-05 15:59:43 --> [DEPRECATED] Required parameter $id_onglet follows optional parameter $id_user in APPPATH/Modules/Management/Dashboard/Controllers/Dashboard.php on line 406.
 1 SYSTEMPATH/Autoloader/Autoloader.php(312): include_once()
 2 SYSTEMPATH/Autoloader/Autoloader.php(289): CodeIgniter\Autoloader\Autoloader->includeFile('/Users/absuur/Sites/Art27/art27_crm/app/Modules/Management/Dashboard/Controllers/Dashboard.php')
 3 SYSTEMPATH/Autoloader/Autoloader.php(267): CodeIgniter\Autoloader\Autoloader->loadInNamespace('Dashboard\\Controllers\\Dashboard')
 4 [internal function]: CodeIgniter\Autoloader\Autoloader->loadClass('Dashboard\\Controllers\\Dashboard')
 5 SYSTEMPATH/CodeIgniter.php(892): class_exists('\\Dashboard\\Controllers\\Dashboard', true)
 6 SYSTEMPATH/CodeIgniter.php(486): CodeIgniter\CodeIgniter->startController()
 7 SYSTEMPATH/CodeIgniter.php(368): CodeIgniter\CodeIgniter->handleRequest(null, Object(Config\Cache), false)
 8 FCPATH/index.php(67): CodeIgniter\CodeIgniter->run()
WARNING - 2023-12-05 15:59:43 --> [DEPRECATED] Required parameter $postData follows optional parameter $is_ajax in APPPATH/Modules/Management/Dashboard/Libraries/Ldashboard.php on line 224.
 1 SYSTEMPATH/Autoloader/Autoloader.php(312): include_once()
 2 SYSTEMPATH/Autoloader/Autoloader.php(289): CodeIgniter\Autoloader\Autoloader->includeFile('/Users/absuur/Sites/Art27/art27_crm/app/Modules/Management/Dashboard/Libraries/Ldashboard.php')
 3 SYSTEMPATH/Autoloader/Autoloader.php(267): CodeIgniter\Autoloader\Autoloader->loadInNamespace('Dashboard\\Libraries\\Ldashboard')
 4 APPPATH/Modules/Management/Dashboard/Controllers/Dashboard.php(41): CodeIgniter\Autoloader\Autoloader->loadClass('Dashboard\\Libraries\\Ldashboard')
 5 SYSTEMPATH/CodeIgniter.php(906): Dashboard\Controllers\Dashboard->__construct()
 6 SYSTEMPATH/CodeIgniter.php(490): CodeIgniter\CodeIgniter->createController()
 7 SYSTEMPATH/CodeIgniter.php(368): CodeIgniter\CodeIgniter->handleRequest(null, Object(Config\Cache), false)
 8 FCPATH/index.php(67): CodeIgniter\CodeIgniter->run()
WARNING - 2023-12-05 15:59:43 --> [DEPRECATED] Required parameter $id_name_entity follows optional parameter $id_entity in APPPATH/Modules/Core/DataView/Libraries/DataViewConstructor.php on line 475.
 1 SYSTEMPATH/Autoloader/Autoloader.php(312): include_once()
 2 SYSTEMPATH/Autoloader/Autoloader.php(289): CodeIgniter\Autoloader\Autoloader->includeFile('/Users/absuur/Sites/Art27/art27_crm/app/Modules/Core/DataView/Libraries/DataViewConstructor.php')
 3 SYSTEMPATH/Autoloader/Autoloader.php(267): CodeIgniter\Autoloader\Autoloader->loadInNamespace('DataView\\Libraries\\DataViewConstructor')
 4 APPPATH/Modules/Management/Messagerie/Controllers/Messagerie.php(37): CodeIgniter\Autoloader\Autoloader->loadClass('DataView\\Libraries\\DataViewConstructor')
 5 APPPATH/Config/Services.php(123): Messagerie\Controllers\Messagerie->__construct()
 6 SYSTEMPATH/Config/BaseService.php(193): Config\Services::messagerie(false)
 7 APPPATH/Config/Services.php(120): CodeIgniter\Config\BaseService::getSharedInstance('messagerie')
 8 APPPATH/Modules/Core/Layout/Views/navbar.php(16): Config\Services::messagerie()
 9 SYSTEMPATH/View/View.php(213): include('/Users/absuur/Sites/Art27/art27_crm/app/Modules/Core/Layout/Views/navbar.php')
10 SYSTEMPATH/View/View.php(216): CodeIgniter\View\View->CodeIgniter\View\{closure}()
11 SYSTEMPATH/View/View.php(431): CodeIgniter\View\View->render('Layout\\navbar', null, true)
12 APPPATH/Modules/Core/Layout/Views/index.php(72): CodeIgniter\View\View->include('Layout\\navbar')
13 SYSTEMPATH/View/View.php(213): include('/Users/absuur/Sites/Art27/art27_crm/app/Modules/Core/Layout/Views/index.php')
14 SYSTEMPATH/View/View.php(216): CodeIgniter\View\View->CodeIgniter\View\{closure}()
15 SYSTEMPATH/View/View.php(229): CodeIgniter\View\View->render('Layout\\index', [], true)
16 SYSTEMPATH/Common.php(1184): CodeIgniter\View\View->render('Dashboard\\Views\\/dashboard_dynamique', [], true)
17 APPPATH/Modules/Management/Dashboard/Controllers/Dashboard.php(75): view('Dashboard\\Views\\/dashboard_dynamique', [...])
18 SYSTEMPATH/CodeIgniter.php(934): Dashboard\Controllers\Dashboard->index()
19 SYSTEMPATH/CodeIgniter.php(499): CodeIgniter\CodeIgniter->runController(Object(Dashboard\Controllers\Dashboard))
20 SYSTEMPATH/CodeIgniter.php(368): CodeIgniter\CodeIgniter->handleRequest(null, Object(Config\Cache), false)
21 FCPATH/index.php(67): CodeIgniter\CodeIgniter->run()
INFO - 2023-12-05 15:59:44 --> Session: Class initialized using 'CodeIgniter\Session\Handlers\FileHandler' driver.
WARNING - 2023-12-05 15:59:44 --> [DEPRECATED] Required parameter $id_name_entity follows optional parameter $id_entity in APPPATH/Modules/Core/DataView/Libraries/DataViewConstructor.php on line 475.
 1 SYSTEMPATH/Autoloader/Autoloader.php(312): include_once()
 2 SYSTEMPATH/Autoloader/Autoloader.php(289): CodeIgniter\Autoloader\Autoloader->includeFile('/Users/absuur/Sites/Art27/art27_crm/app/Modules/Core/DataView/Libraries/DataViewConstructor.php')
 3 SYSTEMPATH/Autoloader/Autoloader.php(267): CodeIgniter\Autoloader\Autoloader->loadInNamespace('DataView\\Libraries\\DataViewConstructor')
 4 APPPATH/Modules/Management/Messagerie/Controllers/Messagerie.php(37): CodeIgniter\Autoloader\Autoloader->loadClass('DataView\\Libraries\\DataViewConstructor')
 5 APPPATH/Config/Services.php(123): Messagerie\Controllers\Messagerie->__construct()
 6 SYSTEMPATH/Config/BaseService.php(193): Config\Services::messagerie(false)
 7 APPPATH/Config/Services.php(120): CodeIgniter\Config\BaseService::getSharedInstance('messagerie')
 8 APPPATH/Modules/Core/Layout/Views/navbar.php(16): Config\Services::messagerie()
 9 SYSTEMPATH/View/View.php(213): include('/Users/absuur/Sites/Art27/art27_crm/app/Modules/Core/Layout/Views/navbar.php')
10 SYSTEMPATH/View/View.php(216): CodeIgniter\View\View->CodeIgniter\View\{closure}()
11 SYSTEMPATH/View/View.php(431): CodeIgniter\View\View->render('Layout\\navbar', null, true)
12 APPPATH/Modules/Core/Layout/Views/index.php(72): CodeIgniter\View\View->include('Layout\\navbar')
13 SYSTEMPATH/View/View.php(213): include('/Users/absuur/Sites/Art27/art27_crm/app/Modules/Core/Layout/Views/index.php')
14 SYSTEMPATH/View/View.php(216): CodeIgniter\View\View->CodeIgniter\View\{closure}()
15 SYSTEMPATH/View/View.php(229): CodeIgniter\View\View->render('Layout\\index', [], true)
16 SYSTEMPATH/Common.php(1184): CodeIgniter\View\View->render('Dashboard_default\\Views\\/dashboard_default', [], true)
17 APPPATH/Modules/Management/Dashboard_default/Controllers/Dashboard_default.php(40): view('Dashboard_default\\Views\\/dashboard_default', [...])
18 SYSTEMPATH/CodeIgniter.php(934): Dashboard_default\Controllers\Dashboard_default->index()
19 SYSTEMPATH/CodeIgniter.php(499): CodeIgniter\CodeIgniter->runController(Object(Dashboard_default\Controllers\Dashboard_default))
20 SYSTEMPATH/CodeIgniter.php(368): CodeIgniter\CodeIgniter->handleRequest(null, Object(Config\Cache), false)
21 FCPATH/index.php(67): CodeIgniter\CodeIgniter->run()
INFO - 2023-12-05 15:59:50 --> Session: Class initialized using 'CodeIgniter\Session\Handlers\FileHandler' driver.
INFO - 2023-12-05 15:59:51 --> Session: Class initialized using 'CodeIgniter\Session\Handlers\FileHandler' driver.
INFO - 2023-12-05 16:00:09 --> Session: Class initialized using 'CodeIgniter\Session\Handlers\FileHandler' driver.
INFO - 2023-12-05 16:00:21 --> Session: Class initialized using 'CodeIgniter\Session\Handlers\FileHandler' driver.
INFO - 2023-12-05 16:00:50 --> Session: Class initialized using 'CodeIgniter\Session\Handlers\FileHandler' driver.
INFO - 2023-12-05 16:01:21 --> Session: Class initialized using 'CodeIgniter\Session\Handlers\FileHandler' driver.
INFO - 2023-12-05 16:05:56 --> Session: Class initialized using 'CodeIgniter\Session\Handlers\FileHandler' driver.
INFO - 2023-12-05 16:05:57 --> Session: Class initialized using 'CodeIgniter\Session\Handlers\FileHandler' driver.
WARNING - 2023-12-05 16:05:57 --> [DEPRECATED] Required parameter $id_onglet follows optional parameter $id_user in APPPATH/Modules/Management/Dashboard/Controllers/Dashboard.php on line 406.
 1 SYSTEMPATH/Autoloader/Autoloader.php(312): include_once()
 2 SYSTEMPATH/Autoloader/Autoloader.php(289): CodeIgniter\Autoloader\Autoloader->includeFile('/Users/absuur/Sites/Art27/art27_crm/app/Modules/Management/Dashboard/Controllers/Dashboard.php')
 3 SYSTEMPATH/Autoloader/Autoloader.php(267): CodeIgniter\Autoloader\Autoloader->loadInNamespace('Dashboard\\Controllers\\Dashboard')
 4 [internal function]: CodeIgniter\Autoloader\Autoloader->loadClass('Dashboard\\Controllers\\Dashboard')
 5 SYSTEMPATH/CodeIgniter.php(892): class_exists('\\Dashboard\\Controllers\\Dashboard', true)
 6 SYSTEMPATH/CodeIgniter.php(486): CodeIgniter\CodeIgniter->startController()
 7 SYSTEMPATH/CodeIgniter.php(368): CodeIgniter\CodeIgniter->handleRequest(null, Object(Config\Cache), false)
 8 FCPATH/index.php(67): CodeIgniter\CodeIgniter->run()
WARNING - 2023-12-05 16:05:58 --> [DEPRECATED] Required parameter $postData follows optional parameter $is_ajax in APPPATH/Modules/Management/Dashboard/Libraries/Ldashboard.php on line 224.
 1 SYSTEMPATH/Autoloader/Autoloader.php(312): include_once()
 2 SYSTEMPATH/Autoloader/Autoloader.php(289): CodeIgniter\Autoloader\Autoloader->includeFile('/Users/absuur/Sites/Art27/art27_crm/app/Modules/Management/Dashboard/Libraries/Ldashboard.php')
 3 SYSTEMPATH/Autoloader/Autoloader.php(267): CodeIgniter\Autoloader\Autoloader->loadInNamespace('Dashboard\\Libraries\\Ldashboard')
 4 APPPATH/Modules/Management/Dashboard/Controllers/Dashboard.php(41): CodeIgniter\Autoloader\Autoloader->loadClass('Dashboard\\Libraries\\Ldashboard')
 5 SYSTEMPATH/CodeIgniter.php(906): Dashboard\Controllers\Dashboard->__construct()
 6 SYSTEMPATH/CodeIgniter.php(490): CodeIgniter\CodeIgniter->createController()
 7 SYSTEMPATH/CodeIgniter.php(368): CodeIgniter\CodeIgniter->handleRequest(null, Object(Config\Cache), false)
 8 FCPATH/index.php(67): CodeIgniter\CodeIgniter->run()
WARNING - 2023-12-05 16:05:58 --> [DEPRECATED] Required parameter $id_name_entity follows optional parameter $id_entity in APPPATH/Modules/Core/DataView/Libraries/DataViewConstructor.php on line 475.
 1 SYSTEMPATH/Autoloader/Autoloader.php(312): include_once()
 2 SYSTEMPATH/Autoloader/Autoloader.php(289): CodeIgniter\Autoloader\Autoloader->includeFile('/Users/absuur/Sites/Art27/art27_crm/app/Modules/Core/DataView/Libraries/DataViewConstructor.php')
 3 SYSTEMPATH/Autoloader/Autoloader.php(267): CodeIgniter\Autoloader\Autoloader->loadInNamespace('DataView\\Libraries\\DataViewConstructor')
 4 APPPATH/Modules/Management/Messagerie/Controllers/Messagerie.php(37): CodeIgniter\Autoloader\Autoloader->loadClass('DataView\\Libraries\\DataViewConstructor')
 5 APPPATH/Config/Services.php(123): Messagerie\Controllers\Messagerie->__construct()
 6 SYSTEMPATH/Config/BaseService.php(193): Config\Services::messagerie(false)
 7 APPPATH/Config/Services.php(120): CodeIgniter\Config\BaseService::getSharedInstance('messagerie')
 8 APPPATH/Modules/Core/Layout/Views/navbar.php(16): Config\Services::messagerie()
 9 SYSTEMPATH/View/View.php(213): include('/Users/absuur/Sites/Art27/art27_crm/app/Modules/Core/Layout/Views/navbar.php')
10 SYSTEMPATH/View/View.php(216): CodeIgniter\View\View->CodeIgniter\View\{closure}()
11 SYSTEMPATH/View/View.php(431): CodeIgniter\View\View->render('Layout\\navbar', null, true)
12 APPPATH/Modules/Core/Layout/Views/index.php(72): CodeIgniter\View\View->include('Layout\\navbar')
13 SYSTEMPATH/View/View.php(213): include('/Users/absuur/Sites/Art27/art27_crm/app/Modules/Core/Layout/Views/index.php')
14 SYSTEMPATH/View/View.php(216): CodeIgniter\View\View->CodeIgniter\View\{closure}()
15 SYSTEMPATH/View/View.php(229): CodeIgniter\View\View->render('Layout\\index', [], true)
16 SYSTEMPATH/Common.php(1184): CodeIgniter\View\View->render('Dashboard\\Views\\/dashboard_dynamique', [], true)
17 APPPATH/Modules/Management/Dashboard/Controllers/Dashboard.php(75): view('Dashboard\\Views\\/dashboard_dynamique', [...])
18 SYSTEMPATH/CodeIgniter.php(934): Dashboard\Controllers\Dashboard->index()
19 SYSTEMPATH/CodeIgniter.php(499): CodeIgniter\CodeIgniter->runController(Object(Dashboard\Controllers\Dashboard))
20 SYSTEMPATH/CodeIgniter.php(368): CodeIgniter\CodeIgniter->handleRequest(null, Object(Config\Cache), false)
21 FCPATH/index.php(67): CodeIgniter\CodeIgniter->run()
INFO - 2023-12-05 16:05:59 --> Session: Class initialized using 'CodeIgniter\Session\Handlers\FileHandler' driver.
WARNING - 2023-12-05 16:05:59 --> [DEPRECATED] Required parameter $id_name_entity follows optional parameter $id_entity in APPPATH/Modules/Core/DataView/Libraries/DataViewConstructor.php on line 475.
 1 SYSTEMPATH/Autoloader/Autoloader.php(312): include_once()
 2 SYSTEMPATH/Autoloader/Autoloader.php(289): CodeIgniter\Autoloader\Autoloader->includeFile('/Users/absuur/Sites/Art27/art27_crm/app/Modules/Core/DataView/Libraries/DataViewConstructor.php')
 3 SYSTEMPATH/Autoloader/Autoloader.php(267): CodeIgniter\Autoloader\Autoloader->loadInNamespace('DataView\\Libraries\\DataViewConstructor')
 4 APPPATH/Modules/Management/Messagerie/Controllers/Messagerie.php(37): CodeIgniter\Autoloader\Autoloader->loadClass('DataView\\Libraries\\DataViewConstructor')
 5 APPPATH/Config/Services.php(123): Messagerie\Controllers\Messagerie->__construct()
 6 SYSTEMPATH/Config/BaseService.php(193): Config\Services::messagerie(false)
 7 APPPATH/Config/Services.php(120): CodeIgniter\Config\BaseService::getSharedInstance('messagerie')
 8 APPPATH/Modules/Core/Layout/Views/navbar.php(16): Config\Services::messagerie()
 9 SYSTEMPATH/View/View.php(213): include('/Users/absuur/Sites/Art27/art27_crm/app/Modules/Core/Layout/Views/navbar.php')
10 SYSTEMPATH/View/View.php(216): CodeIgniter\View\View->CodeIgniter\View\{closure}()
11 SYSTEMPATH/View/View.php(431): CodeIgniter\View\View->render('Layout\\navbar', null, true)
12 APPPATH/Modules/Core/Layout/Views/index.php(72): CodeIgniter\View\View->include('Layout\\navbar')
13 SYSTEMPATH/View/View.php(213): include('/Users/absuur/Sites/Art27/art27_crm/app/Modules/Core/Layout/Views/index.php')
14 SYSTEMPATH/View/View.php(216): CodeIgniter\View\View->CodeIgniter\View\{closure}()
15 SYSTEMPATH/View/View.php(229): CodeIgniter\View\View->render('Layout\\index', [], true)
16 SYSTEMPATH/Common.php(1184): CodeIgniter\View\View->render('Dashboard_default\\Views\\/dashboard_default', [], true)
17 APPPATH/Modules/Management/Dashboard_default/Controllers/Dashboard_default.php(40): view('Dashboard_default\\Views\\/dashboard_default', [...])
18 SYSTEMPATH/CodeIgniter.php(934): Dashboard_default\Controllers\Dashboard_default->index()
19 SYSTEMPATH/CodeIgniter.php(499): CodeIgniter\CodeIgniter->runController(Object(Dashboard_default\Controllers\Dashboard_default))
20 SYSTEMPATH/CodeIgniter.php(368): CodeIgniter\CodeIgniter->handleRequest(null, Object(Config\Cache), false)
21 FCPATH/index.php(67): CodeIgniter\CodeIgniter->run()
INFO - 2023-12-05 17:48:01 --> Session: Class initialized using 'CodeIgniter\Session\Handlers\FileHandler' driver.
WARNING - 2023-12-05 17:48:01 --> [DEPRECATED] Required parameter $id_name_entity follows optional parameter $id_entity in APPPATH/Modules/Core/DataView/Libraries/DataViewConstructor.php on line 475.
 1 SYSTEMPATH/Autoloader/Autoloader.php(312): include_once()
 2 SYSTEMPATH/Autoloader/Autoloader.php(289): CodeIgniter\Autoloader\Autoloader->includeFile('/Users/absuur/Sites/Art27/art27_crm/app/Modules/Core/DataView/Libraries/DataViewConstructor.php')
 3 SYSTEMPATH/Autoloader/Autoloader.php(267): CodeIgniter\Autoloader\Autoloader->loadInNamespace('DataView\\Libraries\\DataViewConstructor')
 4 APPPATH/Modules/Management/Partenaire_social/Models/Partenaire_socialModel.php(32): CodeIgniter\Autoloader\Autoloader->loadClass('DataView\\Libraries\\DataViewConstructor')
 5 APPPATH/Modules/Management/Partenaire_social/Controllers/Partenaire_social.php(53): Partenaire_social\Models\Partenaire_socialModel->__construct()
 6 SYSTEMPATH/CodeIgniter.php(906): Partenaire_social\Controllers\Partenaire_social->__construct()
 7 SYSTEMPATH/CodeIgniter.php(490): CodeIgniter\CodeIgniter->createController()
 8 SYSTEMPATH/CodeIgniter.php(368): CodeIgniter\CodeIgniter->handleRequest(null, Object(Config\Cache), false)
 9 FCPATH/index.php(67): CodeIgniter\CodeIgniter->run()
WARNING - 2023-12-05 17:48:01 --> [DEPRECATED] Required parameter $request follows optional parameter $id_partenaire_social in APPPATH/Modules/Management/Barcode/Models/List_BarCodeModel.php on line 18.
 1 SYSTEMPATH/Autoloader/Autoloader.php(312): include_once()
 2 SYSTEMPATH/Autoloader/Autoloader.php(289): CodeIgniter\Autoloader\Autoloader->includeFile('/Users/absuur/Sites/Art27/art27_crm/app/Modules/Management/Barcode/Models/List_BarCodeModel.php')
 3 SYSTEMPATH/Autoloader/Autoloader.php(267): CodeIgniter\Autoloader\Autoloader->loadInNamespace('Barcode\\Models\\List_BarCodeModel')
 4 APPPATH/Modules/Management/Partenaire_social/Controllers/Partenaire_social.php(54): CodeIgniter\Autoloader\Autoloader->loadClass('Barcode\\Models\\List_BarCodeModel')
 5 SYSTEMPATH/CodeIgniter.php(906): Partenaire_social\Controllers\Partenaire_social->__construct()
 6 SYSTEMPATH/CodeIgniter.php(490): CodeIgniter\CodeIgniter->createController()
 7 SYSTEMPATH/CodeIgniter.php(368): CodeIgniter\CodeIgniter->handleRequest(null, Object(Config\Cache), false)
 8 FCPATH/index.php(67): CodeIgniter\CodeIgniter->run()
